INFO - 2023-11-22 09:02:02 --> Session: Class initialized using 'CodeIgniter\Session\Handlers\FileHandler' driver.
INFO - 2023-11-22 09:02:02 --> Session: Class initialized using 'CodeIgniter\Session\Handlers\FileHandler' driver.
INFO - 2023-11-22 09:02:08 --> CSRF token verified.
INFO - 2023-11-22 09:02:09 --> Session: Class initialized using 'CodeIgniter\Session\Handlers\FileHandler' driver.
INFO - 2023-11-22 09:02:10 --> Session: Class initialized using 'CodeIgniter\Session\Handlers\FileHandler' driver.
INFO - 2023-11-22 09:02:12 --> Session: Class initialized using 'CodeIgniter\Session\Handlers\FileHandler' driver.
CRITICAL - 2023-11-22 09:02:12 --> Invalid file: "ruangan/v_pemakaian_ruangan.php"
in SYSTEMPATH\Exceptions\FrameworkException.php on line 39.
 1 SYSTEMPATH\View\View.php(214): CodeIgniter\Exceptions\FrameworkException::forInvalidFile('ruangan/v_pemakaian_ruangan.php')
 2 SYSTEMPATH\Common.php(1188): CodeIgniter\View\View->render('ruangan/v_pemakaian_ruangan', [], true)
 3 APPPATH\Controllers\Ruangan.php(86): view('ruangan/v_pemakaian_ruangan', [...])
 4 SYSTEMPATH\CodeIgniter.php(919): App\Controllers\Ruangan->pemakaian_ruangan()
 5 SYSTEMPATH\CodeIgniter.php(494): CodeIgniter\CodeIgniter->runController(Object(App\Controllers\Ruangan))
 6 SYSTEMPATH\CodeIgniter.php(353): CodeIgniter\CodeIgniter->handleRequest(null, Object(Config\Cache), false)
 7 FCPATH\index.php(79): CodeIgniter\CodeIgniter->run()
 8 SYSTEMPATH\Commands\Server\rewrite.php(47): require_once('D:\\programmer\\ciempatmonitoring\\public\\index.php')
INFO - 2023-11-22 09:05:20 --> Session: Class initialized using 'CodeIgniter\Session\Handlers\FileHandler' driver.
CRITICAL - 2023-11-22 09:05:20 --> Undefined variable $semua_ruangan
in APPPATH\Views\ruangan\v_pemakaian_ruangan.php on line 54.
 1 APPPATH\Views\ruangan\v_pemakaian_ruangan.php(54): CodeIgniter\Debug\Exceptions->errorHandler(2, 'Undefined variable $semua_ruangan', 'D:\\programmer\\ciempatmonitoring\\app\\Views\\ruangan\\v_pemakaian_ruangan.php', 54)
 2 SYSTEMPATH\View\View.php(226): include('D:\\programmer\\ciempatmonitoring\\app\\Views\\ruangan\\v_pemakaian_ruangan.php')
 3 SYSTEMPATH\View\View.php(229): CodeIgniter\View\View->CodeIgniter\View\{closure}()
 4 SYSTEMPATH\Common.php(1188): CodeIgniter\View\View->render('ruangan/v_pemakaian_ruangan', [], true)
 5 APPPATH\Controllers\Ruangan.php(86): view('ruangan/v_pemakaian_ruangan', [...])
 6 SYSTEMPATH\CodeIgniter.php(919): App\Controllers\Ruangan->pemakaian_ruangan()
 7 SYSTEMPATH\CodeIgniter.php(494): CodeIgniter\CodeIgniter->runController(Object(App\Controllers\Ruangan))
 8 SYSTEMPATH\CodeIgniter.php(353): CodeIgniter\CodeIgniter->handleRequest(null, Object(Config\Cache), false)
 9 FCPATH\index.php(79): CodeIgniter\CodeIgniter->run()
10 SYSTEMPATH\Commands\Server\rewrite.php(47): require_once('D:\\programmer\\ciempatmonitoring\\public\\index.php')
INFO - 2023-11-22 09:12:56 --> Session: Class initialized using 'CodeIgniter\Session\Handlers\FileHandler' driver.
CRITICAL - 2023-11-22 09:12:56 --> Undefined property: CodeIgniter\View\View::$db
in APPPATH\Views\ruangan\v_pemakaian_ruangan.php on line 12.
 1 APPPATH\Views\ruangan\v_pemakaian_ruangan.php(12): CodeIgniter\Debug\Exceptions->errorHandler(2, 'Undefined property: CodeIgniter\\View\\View::$db', 'D:\\programmer\\ciempatmonitoring\\app\\Views\\ruangan\\v_pemakaian_ruangan.php', 12)
 2 SYSTEMPATH\View\View.php(226): include('D:\\programmer\\ciempatmonitoring\\app\\Views\\ruangan\\v_pemakaian_ruangan.php')
 3 SYSTEMPATH\View\View.php(229): CodeIgniter\View\View->CodeIgniter\View\{closure}()
 4 SYSTEMPATH\Common.php(1188): CodeIgniter\View\View->render('ruangan/v_pemakaian_ruangan', [], true)
 5 APPPATH\Controllers\Ruangan.php(86): view('ruangan/v_pemakaian_ruangan', [...])
 6 SYSTEMPATH\CodeIgniter.php(919): App\Controllers\Ruangan->pemakaian_ruangan()
 7 SYSTEMPATH\CodeIgniter.php(494): CodeIgniter\CodeIgniter->runController(Object(App\Controllers\Ruangan))
 8 SYSTEMPATH\CodeIgniter.php(353): CodeIgniter\CodeIgniter->handleRequest(null, Object(Config\Cache), false)
 9 FCPATH\index.php(79): CodeIgniter\CodeIgniter->run()
10 SYSTEMPATH\Commands\Server\rewrite.php(47): require_once('D:\\programmer\\ciempatmonitoring\\public\\index.php')
INFO - 2023-11-22 09:12:57 --> Session: Class initialized using 'CodeIgniter\Session\Handlers\FileHandler' driver.
CRITICAL - 2023-11-22 09:12:58 --> Undefined property: CodeIgniter\View\View::$db
in APPPATH\Views\ruangan\v_pemakaian_ruangan.php on line 12.
 1 APPPATH\Views\ruangan\v_pemakaian_ruangan.php(12): CodeIgniter\Debug\Exceptions->errorHandler(2, 'Undefined property: CodeIgniter\\View\\View::$db', 'D:\\programmer\\ciempatmonitoring\\app\\Views\\ruangan\\v_pemakaian_ruangan.php', 12)
 2 SYSTEMPATH\View\View.php(226): include('D:\\programmer\\ciempatmonitoring\\app\\Views\\ruangan\\v_pemakaian_ruangan.php')
 3 SYSTEMPATH\View\View.php(229): CodeIgniter\View\View->CodeIgniter\View\{closure}()
 4 SYSTEMPATH\Common.php(1188): CodeIgniter\View\View->render('ruangan/v_pemakaian_ruangan', [], true)
 5 APPPATH\Controllers\Ruangan.php(86): view('ruangan/v_pemakaian_ruangan', [...])
 6 SYSTEMPATH\CodeIgniter.php(919): App\Controllers\Ruangan->pemakaian_ruangan()
 7 SYSTEMPATH\CodeIgniter.php(494): CodeIgniter\CodeIgniter->runController(Object(App\Controllers\Ruangan))
 8 SYSTEMPATH\CodeIgniter.php(353): CodeIgniter\CodeIgniter->handleRequest(null, Object(Config\Cache), false)
 9 FCPATH\index.php(79): CodeIgniter\CodeIgniter->run()
10 SYSTEMPATH\Commands\Server\rewrite.php(47): require_once('D:\\programmer\\ciempatmonitoring\\public\\index.php')
INFO - 2023-11-22 09:17:18 --> Session: Class initialized using 'CodeIgniter\Session\Handlers\FileHandler' driver.
CRITICAL - 2023-11-22 09:17:18 --> Undefined property: CodeIgniter\View\View::$db
in APPPATH\Views\ruangan\v_pemakaian_ruangan.php on line 12.
 1 APPPATH\Views\ruangan\v_pemakaian_ruangan.php(12): CodeIgniter\Debug\Exceptions->errorHandler(2, 'Undefined property: CodeIgniter\\View\\View::$db', 'D:\\programmer\\ciempatmonitoring\\app\\Views\\ruangan\\v_pemakaian_ruangan.php', 12)
 2 SYSTEMPATH\View\View.php(226): include('D:\\programmer\\ciempatmonitoring\\app\\Views\\ruangan\\v_pemakaian_ruangan.php')
 3 SYSTEMPATH\View\View.php(229): CodeIgniter\View\View->CodeIgniter\View\{closure}()
 4 SYSTEMPATH\Common.php(1188): CodeIgniter\View\View->render('ruangan/v_pemakaian_ruangan', [], true)
 5 APPPATH\Controllers\Ruangan.php(86): view('ruangan/v_pemakaian_ruangan', [...])
 6 SYSTEMPATH\CodeIgniter.php(919): App\Controllers\Ruangan->pemakaian_ruangan()
 7 SYSTEMPATH\CodeIgniter.php(494): CodeIgniter\CodeIgniter->runController(Object(App\Controllers\Ruangan))
 8 SYSTEMPATH\CodeIgniter.php(353): CodeIgniter\CodeIgniter->handleRequest(null, Object(Config\Cache), false)
 9 FCPATH\index.php(79): CodeIgniter\CodeIgniter->run()
10 SYSTEMPATH\Commands\Server\rewrite.php(47): require_once('D:\\programmer\\ciempatmonitoring\\public\\index.php')
INFO - 2023-11-22 09:17:19 --> Session: Class initialized using 'CodeIgniter\Session\Handlers\FileHandler' driver.
CRITICAL - 2023-11-22 09:17:19 --> Undefined property: CodeIgniter\View\View::$db
in APPPATH\Views\ruangan\v_pemakaian_ruangan.php on line 12.
 1 APPPATH\Views\ruangan\v_pemakaian_ruangan.php(12): CodeIgniter\Debug\Exceptions->errorHandler(2, 'Undefined property: CodeIgniter\\View\\View::$db', 'D:\\programmer\\ciempatmonitoring\\app\\Views\\ruangan\\v_pemakaian_ruangan.php', 12)
 2 SYSTEMPATH\View\View.php(226): include('D:\\programmer\\ciempatmonitoring\\app\\Views\\ruangan\\v_pemakaian_ruangan.php')
 3 SYSTEMPATH\View\View.php(229): CodeIgniter\View\View->CodeIgniter\View\{closure}()
 4 SYSTEMPATH\Common.php(1188): CodeIgniter\View\View->render('ruangan/v_pemakaian_ruangan', [], true)
 5 APPPATH\Controllers\Ruangan.php(86): view('ruangan/v_pemakaian_ruangan', [...])
 6 SYSTEMPATH\CodeIgniter.php(919): App\Controllers\Ruangan->pemakaian_ruangan()
 7 SYSTEMPATH\CodeIgniter.php(494): CodeIgniter\CodeIgniter->runController(Object(App\Controllers\Ruangan))
 8 SYSTEMPATH\CodeIgniter.php(353): CodeIgniter\CodeIgniter->handleRequest(null, Object(Config\Cache), false)
 9 FCPATH\index.php(79): CodeIgniter\CodeIgniter->run()
10 SYSTEMPATH\Commands\Server\rewrite.php(47): require_once('D:\\programmer\\ciempatmonitoring\\public\\index.php')
INFO - 2023-11-22 09:19:29 --> Session: Class initialized using 'CodeIgniter\Session\Handlers\FileHandler' driver.
CRITICAL - 2023-11-22 09:19:29 --> Undefined variable $semua_ruangan
in APPPATH\Views\ruangan\v_pemakaian_ruangan.php on line 15.
 1 APPPATH\Views\ruangan\v_pemakaian_ruangan.php(15): CodeIgniter\Debug\Exceptions->errorHandler(2, 'Undefined variable $semua_ruangan', 'D:\\programmer\\ciempatmonitoring\\app\\Views\\ruangan\\v_pemakaian_ruangan.php', 15)
 2 SYSTEMPATH\View\View.php(226): include('D:\\programmer\\ciempatmonitoring\\app\\Views\\ruangan\\v_pemakaian_ruangan.php')
 3 SYSTEMPATH\View\View.php(229): CodeIgniter\View\View->CodeIgniter\View\{closure}()
 4 SYSTEMPATH\Common.php(1188): CodeIgniter\View\View->render('ruangan/v_pemakaian_ruangan', [], true)
 5 APPPATH\Controllers\Ruangan.php(86): view('ruangan/v_pemakaian_ruangan', [...])
 6 SYSTEMPATH\CodeIgniter.php(919): App\Controllers\Ruangan->pemakaian_ruangan()
 7 SYSTEMPATH\CodeIgniter.php(494): CodeIgniter\CodeIgniter->runController(Object(App\Controllers\Ruangan))
 8 SYSTEMPATH\CodeIgniter.php(353): CodeIgniter\CodeIgniter->handleRequest(null, Object(Config\Cache), false)
 9 FCPATH\index.php(79): CodeIgniter\CodeIgniter->run()
10 SYSTEMPATH\Commands\Server\rewrite.php(47): require_once('D:\\programmer\\ciempatmonitoring\\public\\index.php')
INFO - 2023-11-22 09:19:44 --> Session: Class initialized using 'CodeIgniter\Session\Handlers\FileHandler' driver.
INFO - 2023-11-22 09:20:19 --> Session: Class initialized using 'CodeIgniter\Session\Handlers\FileHandler' driver.
INFO - 2023-11-22 09:20:35 --> Session: Class initialized using 'CodeIgniter\Session\Handlers\FileHandler' driver.
INFO - 2023-11-22 09:25:01 --> Session: Class initialized using 'CodeIgniter\Session\Handlers\FileHandler' driver.
INFO - 2023-11-22 09:30:25 --> Session: Class initialized using 'CodeIgniter\Session\Handlers\FileHandler' driver.
INFO - 2023-11-22 09:31:28 --> Session: Class initialized using 'CodeIgniter\Session\Handlers\FileHandler' driver.
INFO - 2023-11-22 09:31:51 --> Session: Class initialized using 'CodeIgniter\Session\Handlers\FileHandler' driver.
INFO - 2023-11-22 09:32:49 --> Session: Class initialized using 'CodeIgniter\Session\Handlers\FileHandler' driver.
INFO - 2023-11-22 09:32:53 --> Session: Class initialized using 'CodeIgniter\Session\Handlers\FileHandler' driver.
INFO - 2023-11-22 09:33:03 --> Session: Class initialized using 'CodeIgniter\Session\Handlers\FileHandler' driver.
INFO - 2023-11-22 11:03:17 --> Session: Class initialized using 'CodeIgniter\Session\Handlers\FileHandler' driver.
INFO - 2023-11-22 11:07:12 --> Session: Class initialized using 'CodeIgniter\Session\Handlers\FileHandler' driver.
CRITICAL - 2023-11-22 11:07:12 --> Undefined variable $year
in APPPATH\Views\ruangan\v_pemakaian_ruangan.php on line 48.
 1 APPPATH\Views\ruangan\v_pemakaian_ruangan.php(48): CodeIgniter\Debug\Exceptions->errorHandler(2, 'Undefined variable $year', 'D:\\programmer\\ciempatmonitoring\\app\\Views\\ruangan\\v_pemakaian_ruangan.php', 48)
 2 SYSTEMPATH\View\View.php(226): include('D:\\programmer\\ciempatmonitoring\\app\\Views\\ruangan\\v_pemakaian_ruangan.php')
 3 SYSTEMPATH\View\View.php(229): CodeIgniter\View\View->CodeIgniter\View\{closure}()
 4 SYSTEMPATH\Common.php(1188): CodeIgniter\View\View->render('ruangan/v_pemakaian_ruangan', [], true)
 5 APPPATH\Controllers\Ruangan.php(86): view('ruangan/v_pemakaian_ruangan', [...])
 6 SYSTEMPATH\CodeIgniter.php(919): App\Controllers\Ruangan->pemakaian_ruangan()
 7 SYSTEMPATH\CodeIgniter.php(494): CodeIgniter\CodeIgniter->runController(Object(App\Controllers\Ruangan))
 8 SYSTEMPATH\CodeIgniter.php(353): CodeIgniter\CodeIgniter->handleRequest(null, Object(Config\Cache), false)
 9 FCPATH\index.php(79): CodeIgniter\CodeIgniter->run()
10 SYSTEMPATH\Commands\Server\rewrite.php(47): require_once('D:\\programmer\\ciempatmonitoring\\public\\index.php')
INFO - 2023-11-22 11:07:26 --> Session: Class initialized using 'CodeIgniter\Session\Handlers\FileHandler' driver.
INFO - 2023-11-22 11:09:04 --> Session: Class initialized using 'CodeIgniter\Session\Handlers\FileHandler' driver.
INFO - 2023-11-22 11:09:09 --> Session: Class initialized using 'CodeIgniter\Session\Handlers\FileHandler' driver.
INFO - 2023-11-22 11:10:42 --> Session: Class initialized using 'CodeIgniter\Session\Handlers\FileHandler' driver.
CRITICAL - 2023-11-22 11:10:42 --> A non-numeric value encountered
in APPPATH\Views\ruangan\v_pemakaian_ruangan.php on line 47.
 1 APPPATH\Views\ruangan\v_pemakaian_ruangan.php(47): CodeIgniter\Debug\Exceptions->errorHandler(2, 'A non-numeric value encountered', 'D:\\programmer\\ciempatmonitoring\\app\\Views\\ruangan\\v_pemakaian_ruangan.php', 47)
 2 SYSTEMPATH\View\View.php(226): include('D:\\programmer\\ciempatmonitoring\\app\\Views\\ruangan\\v_pemakaian_ruangan.php')
 3 SYSTEMPATH\View\View.php(229): CodeIgniter\View\View->CodeIgniter\View\{closure}()
 4 SYSTEMPATH\Common.php(1188): CodeIgniter\View\View->render('ruangan/v_pemakaian_ruangan', [], true)
 5 APPPATH\Controllers\Ruangan.php(86): view('ruangan/v_pemakaian_ruangan', [...])
 6 SYSTEMPATH\CodeIgniter.php(919): App\Controllers\Ruangan->pemakaian_ruangan()
 7 SYSTEMPATH\CodeIgniter.php(494): CodeIgniter\CodeIgniter->runController(Object(App\Controllers\Ruangan))
 8 SYSTEMPATH\CodeIgniter.php(353): CodeIgniter\CodeIgniter->handleRequest(null, Object(Config\Cache), false)
 9 FCPATH\index.php(79): CodeIgniter\CodeIgniter->run()
10 SYSTEMPATH\Commands\Server\rewrite.php(47): require_once('D:\\programmer\\ciempatmonitoring\\public\\index.php')
INFO - 2023-11-22 14:51:27 --> Session: Class initialized using 'CodeIgniter\Session\Handlers\FileHandler' driver.
INFO - 2023-11-22 14:51:27 --> Session: Class initialized using 'CodeIgniter\Session\Handlers\FileHandler' driver.
INFO - 2023-11-22 14:51:34 --> CSRF token verified.
INFO - 2023-11-22 14:51:35 --> Session: Class initialized using 'CodeIgniter\Session\Handlers\FileHandler' driver.
INFO - 2023-11-22 14:51:35 --> Session: Class initialized using 'CodeIgniter\Session\Handlers\FileHandler' driver.
INFO - 2023-11-22 14:51:37 --> Session: Class initialized using 'CodeIgniter\Session\Handlers\FileHandler' driver.
INFO - 2023-11-22 14:51:44 --> Session: Class initialized using 'CodeIgniter\Session\Handlers\FileHandler' driver.
INFO - 2023-11-22 14:51:44 --> Session: Class initialized using 'CodeIgniter\Session\Handlers\FileHandler' driver.
INFO - 2023-11-22 14:51:44 --> Session: Class initialized using 'CodeIgniter\Session\Handlers\FileHandler' driver.
INFO - 2023-11-22 14:51:47 --> CSRF token verified.
INFO - 2023-11-22 14:51:47 --> Session: Class initialized using 'CodeIgniter\Session\Handlers\FileHandler' driver.
INFO - 2023-11-22 14:51:47 --> Session: Class initialized using 'CodeIgniter\Session\Handlers\FileHandler' driver.
INFO - 2023-11-22 14:51:49 --> Session: Class initialized using 'CodeIgniter\Session\Handlers\FileHandler' driver.
CRITICAL - 2023-11-22 14:51:49 --> syntax error, unexpected identifier "dd"
in APPPATH\Views\ruangan\v_pemakaian_ruangan.php on line 48.
 1 SYSTEMPATH\View\View.php(229): CodeIgniter\View\View->CodeIgniter\View\{closure}()
 2 SYSTEMPATH\Common.php(1188): CodeIgniter\View\View->render('ruangan/v_pemakaian_ruangan', [], true)
 3 APPPATH\Controllers\Ruangan.php(86): view('ruangan/v_pemakaian_ruangan', [...])
 4 SYSTEMPATH\CodeIgniter.php(919): App\Controllers\Ruangan->pemakaian_ruangan()
 5 SYSTEMPATH\CodeIgniter.php(494): CodeIgniter\CodeIgniter->runController(Object(App\Controllers\Ruangan))
 6 SYSTEMPATH\CodeIgniter.php(353): CodeIgniter\CodeIgniter->handleRequest(null, Object(Config\Cache), false)
 7 FCPATH\index.php(79): CodeIgniter\CodeIgniter->run()
 8 SYSTEMPATH\Commands\Server\rewrite.php(47): require_once('D:\\programmer\\ciempatmonitoring\\public\\index.php')
INFO - 2023-11-22 14:52:31 --> Session: Class initialized using 'CodeIgniter\Session\Handlers\FileHandler' driver.
INFO - 2023-11-22 14:52:43 --> Session: Class initialized using 'CodeIgniter\Session\Handlers\FileHandler' driver.
INFO - 2023-11-22 15:19:35 --> Session: Class initialized using 'CodeIgniter\Session\Handlers\FileHandler' driver.
CRITICAL - 2023-11-22 15:19:35 --> syntax error, unexpected token "for"
in APPPATH\Views\ruangan\v_pemakaian_ruangan.php on line 51.
 1 SYSTEMPATH\View\View.php(229): CodeIgniter\View\View->CodeIgniter\View\{closure}()
 2 SYSTEMPATH\Common.php(1188): CodeIgniter\View\View->render('ruangan/v_pemakaian_ruangan', [], true)
 3 APPPATH\Controllers\Ruangan.php(86): view('ruangan/v_pemakaian_ruangan', [...])
 4 SYSTEMPATH\CodeIgniter.php(919): App\Controllers\Ruangan->pemakaian_ruangan()
 5 SYSTEMPATH\CodeIgniter.php(494): CodeIgniter\CodeIgniter->runController(Object(App\Controllers\Ruangan))
 6 SYSTEMPATH\CodeIgniter.php(353): CodeIgniter\CodeIgniter->handleRequest(null, Object(Config\Cache), false)
 7 FCPATH\index.php(79): CodeIgniter\CodeIgniter->run()
 8 SYSTEMPATH\Commands\Server\rewrite.php(47): require_once('D:\\programmer\\ciempatmonitoring\\public\\index.php')
INFO - 2023-11-22 15:19:46 --> Session: Class initialized using 'CodeIgniter\Session\Handlers\FileHandler' driver.
INFO - 2023-11-22 15:25:10 --> Session: Class initialized using 'CodeIgniter\Session\Handlers\FileHandler' driver.
CRITICAL - 2023-11-22 15:25:10 --> Object of class DateTime could not be converted to string
in APPPATH\Views\ruangan\v_pemakaian_ruangan.php on line 48.
 1 SYSTEMPATH\View\View.php(226): include()
 2 SYSTEMPATH\View\View.php(229): CodeIgniter\View\View->CodeIgniter\View\{closure}()
 3 SYSTEMPATH\Common.php(1188): CodeIgniter\View\View->render('ruangan/v_pemakaian_ruangan', [], true)
 4 APPPATH\Controllers\Ruangan.php(86): view('ruangan/v_pemakaian_ruangan', [...])
 5 SYSTEMPATH\CodeIgniter.php(919): App\Controllers\Ruangan->pemakaian_ruangan()
 6 SYSTEMPATH\CodeIgniter.php(494): CodeIgniter\CodeIgniter->runController(Object(App\Controllers\Ruangan))
 7 SYSTEMPATH\CodeIgniter.php(353): CodeIgniter\CodeIgniter->handleRequest(null, Object(Config\Cache), false)
 8 FCPATH\index.php(79): CodeIgniter\CodeIgniter->run()
 9 SYSTEMPATH\Commands\Server\rewrite.php(47): require_once('D:\\programmer\\ciempatmonitoring\\public\\index.php')
INFO - 2023-11-22 15:26:03 --> Session: Class initialized using 'CodeIgniter\Session\Handlers\FileHandler' driver.
CRITICAL - 2023-11-22 15:26:03 --> Object of class DateTime could not be converted to string
in APPPATH\Views\ruangan\v_pemakaian_ruangan.php on line 48.
 1 SYSTEMPATH\View\View.php(226): include()
 2 SYSTEMPATH\View\View.php(229): CodeIgniter\View\View->CodeIgniter\View\{closure}()
 3 SYSTEMPATH\Common.php(1188): CodeIgniter\View\View->render('ruangan/v_pemakaian_ruangan', [], true)
 4 APPPATH\Controllers\Ruangan.php(86): view('ruangan/v_pemakaian_ruangan', [...])
 5 SYSTEMPATH\CodeIgniter.php(919): App\Controllers\Ruangan->pemakaian_ruangan()
 6 SYSTEMPATH\CodeIgniter.php(494): CodeIgniter\CodeIgniter->runController(Object(App\Controllers\Ruangan))
 7 SYSTEMPATH\CodeIgniter.php(353): CodeIgniter\CodeIgniter->handleRequest(null, Object(Config\Cache), false)
 8 FCPATH\index.php(79): CodeIgniter\CodeIgniter->run()
 9 SYSTEMPATH\Commands\Server\rewrite.php(47): require_once('D:\\programmer\\ciempatmonitoring\\public\\index.php')
INFO - 2023-11-22 15:27:55 --> Session: Class initialized using 'CodeIgniter\Session\Handlers\FileHandler' driver.
CRITICAL - 2023-11-22 15:27:55 --> Undefined variable $tanggal
in APPPATH\Views\ruangan\v_pemakaian_ruangan.php on line 47.
 1 APPPATH\Views\ruangan\v_pemakaian_ruangan.php(47): CodeIgniter\Debug\Exceptions->errorHandler(2, 'Undefined variable $tanggal', 'D:\\programmer\\ciempatmonitoring\\app\\Views\\ruangan\\v_pemakaian_ruangan.php', 47)
 2 SYSTEMPATH\View\View.php(226): include('D:\\programmer\\ciempatmonitoring\\app\\Views\\ruangan\\v_pemakaian_ruangan.php')
 3 SYSTEMPATH\View\View.php(229): CodeIgniter\View\View->CodeIgniter\View\{closure}()
 4 SYSTEMPATH\Common.php(1188): CodeIgniter\View\View->render('ruangan/v_pemakaian_ruangan', [], true)
 5 APPPATH\Controllers\Ruangan.php(86): view('ruangan/v_pemakaian_ruangan', [...])
 6 SYSTEMPATH\CodeIgniter.php(919): App\Controllers\Ruangan->pemakaian_ruangan()
 7 SYSTEMPATH\CodeIgniter.php(494): CodeIgniter\CodeIgniter->runController(Object(App\Controllers\Ruangan))
 8 SYSTEMPATH\CodeIgniter.php(353): CodeIgniter\CodeIgniter->handleRequest(null, Object(Config\Cache), false)
 9 FCPATH\index.php(79): CodeIgniter\CodeIgniter->run()
10 SYSTEMPATH\Commands\Server\rewrite.php(47): require_once('D:\\programmer\\ciempatmonitoring\\public\\index.php')
INFO - 2023-11-22 15:28:03 --> Session: Class initialized using 'CodeIgniter\Session\Handlers\FileHandler' driver.
INFO - 2023-11-22 15:28:17 --> Session: Class initialized using 'CodeIgniter\Session\Handlers\FileHandler' driver.
INFO - 2023-11-22 15:29:26 --> Session: Class initialized using 'CodeIgniter\Session\Handlers\FileHandler' driver.
INFO - 2023-11-22 15:31:17 --> Session: Class initialized using 'CodeIgniter\Session\Handlers\FileHandler' driver.
INFO - 2023-11-22 15:32:05 --> Session: Class initialized using 'CodeIgniter\Session\Handlers\FileHandler' driver.
INFO - 2023-11-22 15:34:03 --> Session: Class initialized using 'CodeIgniter\Session\Handlers\FileHandler' driver.
INFO - 2023-11-22 15:37:16 --> Session: Class initialized using 'CodeIgniter\Session\Handlers\FileHandler' driver.
INFO - 2023-11-22 15:54:53 --> Session: Class initialized using 'CodeIgniter\Session\Handlers\FileHandler' driver.
INFO - 2023-11-22 15:57:21 --> Session: Class initialized using 'CodeIgniter\Session\Handlers\FileHandler' driver.
INFO - 2023-11-22 16:02:13 --> Session: Class initialized using 'CodeIgniter\Session\Handlers\FileHandler' driver.
INFO - 2023-11-22 16:02:27 --> Session: Class initialized using 'CodeIgniter\Session\Handlers\FileHandler' driver.
INFO - 2023-11-22 16:09:56 --> Session: Class initialized using 'CodeIgniter\Session\Handlers\FileHandler' driver.
INFO - 2023-11-22 16:10:40 --> Session: Class initialized using 'CodeIgniter\Session\Handlers\FileHandler' driver.
INFO - 2023-11-22 16:11:15 --> Session: Class initialized using 'CodeIgniter\Session\Handlers\FileHandler' driver.
INFO - 2023-11-22 16:11:35 --> Session: Class initialized using 'CodeIgniter\Session\Handlers\FileHandler' driver.
INFO - 2023-11-22 16:15:40 --> Session: Class initialized using 'CodeIgniter\Session\Handlers\FileHandler' driver.
CRITICAL - 2023-11-22 16:15:40 --> Undefined array key "created_at"
in APPPATH\Views\ruangan\v_pemakaian_ruangan.php on line 56.
 1 APPPATH\Views\ruangan\v_pemakaian_ruangan.php(56): CodeIgniter\Debug\Exceptions->errorHandler(2, 'Undefined array key "created_at"', 'D:\\programmer\\ciempatmonitoring\\app\\Views\\ruangan\\v_pemakaian_ruangan.php', 56)
 2 SYSTEMPATH\View\View.php(226): include('D:\\programmer\\ciempatmonitoring\\app\\Views\\ruangan\\v_pemakaian_ruangan.php')
 3 SYSTEMPATH\View\View.php(229): CodeIgniter\View\View->CodeIgniter\View\{closure}()
 4 SYSTEMPATH\Common.php(1188): CodeIgniter\View\View->render('ruangan/v_pemakaian_ruangan', [], true)
 5 APPPATH\Controllers\Ruangan.php(86): view('ruangan/v_pemakaian_ruangan', [...])
 6 SYSTEMPATH\CodeIgniter.php(919): App\Controllers\Ruangan->pemakaian_ruangan()
 7 SYSTEMPATH\CodeIgniter.php(494): CodeIgniter\CodeIgniter->runController(Object(App\Controllers\Ruangan))
 8 SYSTEMPATH\CodeIgniter.php(353): CodeIgniter\CodeIgniter->handleRequest(null, Object(Config\Cache), false)
 9 FCPATH\index.php(79): CodeIgniter\CodeIgniter->run()
10 SYSTEMPATH\Commands\Server\rewrite.php(47): require_once('D:\\programmer\\ciempatmonitoring\\public\\index.php')
INFO - 2023-11-22 16:16:07 --> Session: Class initialized using 'CodeIgniter\Session\Handlers\FileHandler' driver.
CRITICAL - 2023-11-22 16:16:07 --> date_format(): Argument #1 ($object) must be of type DateTimeInterface, string given
in APPPATH\Views\ruangan\v_pemakaian_ruangan.php on line 56.
 1 APPPATH\Views\ruangan\v_pemakaian_ruangan.php(56): date_format('2023-11-19 17:55:20', 'd-m-Y H:i:s	')
 2 SYSTEMPATH\View\View.php(226): include('D:\\programmer\\ciempatmonitoring\\app\\Views\\ruangan\\v_pemakaian_ruangan.php')
 3 SYSTEMPATH\View\View.php(229): CodeIgniter\View\View->CodeIgniter\View\{closure}()
 4 SYSTEMPATH\Common.php(1188): CodeIgniter\View\View->render('ruangan/v_pemakaian_ruangan', [], true)
 5 APPPATH\Controllers\Ruangan.php(86): view('ruangan/v_pemakaian_ruangan', [...])
 6 SYSTEMPATH\CodeIgniter.php(919): App\Controllers\Ruangan->pemakaian_ruangan()
 7 SYSTEMPATH\CodeIgniter.php(494): CodeIgniter\CodeIgniter->runController(Object(App\Controllers\Ruangan))
 8 SYSTEMPATH\CodeIgniter.php(353): CodeIgniter\CodeIgniter->handleRequest(null, Object(Config\Cache), false)
 9 FCPATH\index.php(79): CodeIgniter\CodeIgniter->run()
10 SYSTEMPATH\Commands\Server\rewrite.php(47): require_once('D:\\programmer\\ciempatmonitoring\\public\\index.php')
INFO - 2023-11-22 16:16:54 --> Session: Class initialized using 'CodeIgniter\Session\Handlers\FileHandler' driver.
INFO - 2023-11-22 16:18:05 --> Session: Class initialized using 'CodeIgniter\Session\Handlers\FileHandler' driver.
INFO - 2023-11-22 16:18:13 --> Session: Class initialized using 'CodeIgniter\Session\Handlers\FileHandler' driver.
