INFO - 2024-01-25 14:40:24 --> Session: Class initialized using 'CodeIgniter\Session\Handlers\FileHandler' driver.
INFO - 2024-01-25 14:40:25 --> Session: Class initialized using 'CodeIgniter\Session\Handlers\FileHandler' driver.
INFO - 2024-01-25 14:40:33 --> CSRF token verified.
INFO - 2024-01-25 14:40:33 --> Session: Class initialized using 'CodeIgniter\Session\Handlers\FileHandler' driver.
INFO - 2024-01-25 14:40:33 --> Session: Class initialized using 'CodeIgniter\Session\Handlers\FileHandler' driver.
INFO - 2024-01-25 21:23:44 --> Session: Class initialized using 'CodeIgniter\Session\Handlers\FileHandler' driver.
INFO - 2024-01-25 21:23:45 --> Session: Class initialized using 'CodeIgniter\Session\Handlers\FileHandler' driver.
INFO - 2024-01-25 21:24:00 --> CSRF token verified.
INFO - 2024-01-25 21:24:01 --> Session: Class initialized using 'CodeIgniter\Session\Handlers\FileHandler' driver.
INFO - 2024-01-25 21:24:01 --> Session: Class initialized using 'CodeIgniter\Session\Handlers\FileHandler' driver.
INFO - 2024-01-25 21:24:03 --> Session: Class initialized using 'CodeIgniter\Session\Handlers\FileHandler' driver.
INFO - 2024-01-25 21:25:09 --> Session: Class initialized using 'CodeIgniter\Session\Handlers\FileHandler' driver.
INFO - 2024-01-25 21:25:09 --> Session: Class initialized using 'CodeIgniter\Session\Handlers\FileHandler' driver.
INFO - 2024-01-25 21:25:14 --> CSRF token verified.
INFO - 2024-01-25 21:25:15 --> Session: Class initialized using 'CodeIgniter\Session\Handlers\FileHandler' driver.
INFO - 2024-01-25 21:25:15 --> Session: Class initialized using 'CodeIgniter\Session\Handlers\FileHandler' driver.
INFO - 2024-01-25 21:25:17 --> Session: Class initialized using 'CodeIgniter\Session\Handlers\FileHandler' driver.
INFO - 2024-01-25 21:25:44 --> Session: Class initialized using 'CodeIgniter\Session\Handlers\FileHandler' driver.
INFO - 2024-01-25 21:25:51 --> Session: Class initialized using 'CodeIgniter\Session\Handlers\FileHandler' driver.
INFO - 2024-01-25 21:42:07 --> Session: Class initialized using 'CodeIgniter\Session\Handlers\FileHandler' driver.
INFO - 2024-01-25 22:06:17 --> Session: Class initialized using 'CodeIgniter\Session\Handlers\FileHandler' driver.
INFO - 2024-01-25 22:06:19 --> Session: Class initialized using 'CodeIgniter\Session\Handlers\FileHandler' driver.
ERROR - 2024-01-25 22:06:19 --> mysqli_sql_exception: Table 'monitoring_mahasiswa.validator_instrumen' doesn't exist in C:\laragon\www\ciempatmonitoringenam\system\Database\MySQLi\Connection.php:306
Stack trace:
#0 C:\laragon\www\ciempatmonitoringenam\system\Database\MySQLi\Connection.php(306): mysqli->query('SELECT `validat...', 0)
#1 C:\laragon\www\ciempatmonitoringenam\system\Database\BaseConnection.php(692): CodeIgniter\Database\MySQLi\Connection->execute('SELECT `validat...')
#2 C:\laragon\www\ciempatmonitoringenam\system\Database\BaseConnection.php(606): CodeIgniter\Database\BaseConnection->simpleQuery('SELECT `validat...')
#3 C:\laragon\www\ciempatmonitoringenam\system\Database\BaseBuilder.php(1615): CodeIgniter\Database\BaseConnection->query('SELECT `validat...', Array, false)
#4 C:\laragon\www\ciempatmonitoringenam\app\Models\ValidatorInstrumenModel.php(40): CodeIgniter\Database\BaseBuilder->get()
#5 C:\laragon\www\ciempatmonitoringenam\app\Controllers\ValidatorInstrumen.php(33): App\Models\ValidatorInstrumenModel->getAll('21129055')
#6 C:\laragon\www\ciempatmonitoringenam\system\CodeIgniter.php(919): App\Controllers\ValidatorInstrumen->index()
#7 C:\laragon\www\ciempatmonitoringenam\system\CodeIgniter.php(494): CodeIgniter\CodeIgniter->runController(Object(App\Controllers\ValidatorInstrumen))
#8 C:\laragon\www\ciempatmonitoringenam\system\CodeIgniter.php(353): CodeIgniter\CodeIgniter->handleRequest(NULL, Object(Config\Cache), false)
#9 C:\laragon\www\ciempatmonitoringenam\public\index.php(79): CodeIgniter\CodeIgniter->run()
#10 C:\laragon\www\ciempatmonitoringenam\system\Commands\Server\rewrite.php(47): require_once('C:\\laragon\\www\\...')
#11 {main}
CRITICAL - 2024-01-25 22:06:19 --> Table 'monitoring_mahasiswa.validator_instrumen' doesn't exist
in SYSTEMPATH\Database\BaseConnection.php on line 646.
 1 SYSTEMPATH\Database\BaseBuilder.php(1615): CodeIgniter\Database\BaseConnection->query('SELECT `validator_instrumen`.*, `departemen`.`departemen_nama` as `nama_departemen`
FROM `validator_instrumen`
JOIN `departemen` ON `validator_instrumen`.`departemen_pengajuan` = `departemen`.`departemen_id`
WHERE `user_pengajuan` = :user_pengajuan:
ORDER BY `created_at` ASC', [...], false)
 2 APPPATH\Models\ValidatorInstrumenModel.php(40): CodeIgniter\Database\BaseBuilder->get()
 3 APPPATH\Controllers\ValidatorInstrumen.php(33): App\Models\ValidatorInstrumenModel->getAll('21129055')
 4 SYSTEMPATH\CodeIgniter.php(919): App\Controllers\ValidatorInstrumen->index()
 5 SYSTEMPATH\CodeIgniter.php(494): CodeIgniter\CodeIgniter->runController(Object(App\Controllers\ValidatorInstrumen))
 6 SYSTEMPATH\CodeIgniter.php(353): CodeIgniter\CodeIgniter->handleRequest(null, Object(Config\Cache), false)
 7 FCPATH\index.php(79): CodeIgniter\CodeIgniter->run()
 8 SYSTEMPATH\Commands\Server\rewrite.php(47): require_once('C:\\laragon\\www\\ciempatmonitoringenam\\public\\index.php')
INFO - 2024-01-25 22:07:03 --> Session: Class initialized using 'CodeIgniter\Session\Handlers\FileHandler' driver.
ERROR - 2024-01-25 22:07:03 --> mysqli_sql_exception: Table 'monitoring_mahasiswa.validator_instrumen' doesn't exist in C:\laragon\www\ciempatmonitoringenam\system\Database\MySQLi\Connection.php:306
Stack trace:
#0 C:\laragon\www\ciempatmonitoringenam\system\Database\MySQLi\Connection.php(306): mysqli->query('SELECT `validat...', 0)
#1 C:\laragon\www\ciempatmonitoringenam\system\Database\BaseConnection.php(692): CodeIgniter\Database\MySQLi\Connection->execute('SELECT `validat...')
#2 C:\laragon\www\ciempatmonitoringenam\system\Database\BaseConnection.php(606): CodeIgniter\Database\BaseConnection->simpleQuery('SELECT `validat...')
#3 C:\laragon\www\ciempatmonitoringenam\system\Database\BaseBuilder.php(1615): CodeIgniter\Database\BaseConnection->query('SELECT `validat...', Array, false)
#4 C:\laragon\www\ciempatmonitoringenam\app\Models\ValidatorInstrumenModel.php(40): CodeIgniter\Database\BaseBuilder->get()
#5 C:\laragon\www\ciempatmonitoringenam\app\Controllers\ValidatorInstrumen.php(33): App\Models\ValidatorInstrumenModel->getAll('21129055')
#6 C:\laragon\www\ciempatmonitoringenam\system\CodeIgniter.php(919): App\Controllers\ValidatorInstrumen->index()
#7 C:\laragon\www\ciempatmonitoringenam\system\CodeIgniter.php(494): CodeIgniter\CodeIgniter->runController(Object(App\Controllers\ValidatorInstrumen))
#8 C:\laragon\www\ciempatmonitoringenam\system\CodeIgniter.php(353): CodeIgniter\CodeIgniter->handleRequest(NULL, Object(Config\Cache), false)
#9 C:\laragon\www\ciempatmonitoringenam\public\index.php(79): CodeIgniter\CodeIgniter->run()
#10 C:\laragon\www\ciempatmonitoringenam\system\Commands\Server\rewrite.php(47): require_once('C:\\laragon\\www\\...')
#11 {main}
CRITICAL - 2024-01-25 22:07:03 --> Table 'monitoring_mahasiswa.validator_instrumen' doesn't exist
in SYSTEMPATH\Database\BaseConnection.php on line 646.
 1 SYSTEMPATH\Database\BaseBuilder.php(1615): CodeIgniter\Database\BaseConnection->query('SELECT `validator_instrumen`.*, `departemen`.`departemen_nama` as `nama_departemen`
FROM `validator_instrumen`
JOIN `departemen` ON `validator_instrumen`.`departemen_pengajuan` = `departemen`.`departemen_id`
WHERE `user_pengajuan` = :user_pengajuan:
ORDER BY `created_at` ASC', [...], false)
 2 APPPATH\Models\ValidatorInstrumenModel.php(40): CodeIgniter\Database\BaseBuilder->get()
 3 APPPATH\Controllers\ValidatorInstrumen.php(33): App\Models\ValidatorInstrumenModel->getAll('21129055')
 4 SYSTEMPATH\CodeIgniter.php(919): App\Controllers\ValidatorInstrumen->index()
 5 SYSTEMPATH\CodeIgniter.php(494): CodeIgniter\CodeIgniter->runController(Object(App\Controllers\ValidatorInstrumen))
 6 SYSTEMPATH\CodeIgniter.php(353): CodeIgniter\CodeIgniter->handleRequest(null, Object(Config\Cache), false)
 7 FCPATH\index.php(79): CodeIgniter\CodeIgniter->run()
 8 SYSTEMPATH\Commands\Server\rewrite.php(47): require_once('C:\\laragon\\www\\ciempatmonitoringenam\\public\\index.php')
INFO - 2024-01-25 22:07:04 --> Session: Class initialized using 'CodeIgniter\Session\Handlers\FileHandler' driver.
ERROR - 2024-01-25 22:07:04 --> mysqli_sql_exception: Table 'monitoring_mahasiswa.validator_instrumen' doesn't exist in C:\laragon\www\ciempatmonitoringenam\system\Database\MySQLi\Connection.php:306
Stack trace:
#0 C:\laragon\www\ciempatmonitoringenam\system\Database\MySQLi\Connection.php(306): mysqli->query('SELECT `validat...', 0)
#1 C:\laragon\www\ciempatmonitoringenam\system\Database\BaseConnection.php(692): CodeIgniter\Database\MySQLi\Connection->execute('SELECT `validat...')
#2 C:\laragon\www\ciempatmonitoringenam\system\Database\BaseConnection.php(606): CodeIgniter\Database\BaseConnection->simpleQuery('SELECT `validat...')
#3 C:\laragon\www\ciempatmonitoringenam\system\Database\BaseBuilder.php(1615): CodeIgniter\Database\BaseConnection->query('SELECT `validat...', Array, false)
#4 C:\laragon\www\ciempatmonitoringenam\app\Models\ValidatorInstrumenModel.php(40): CodeIgniter\Database\BaseBuilder->get()
#5 C:\laragon\www\ciempatmonitoringenam\app\Controllers\ValidatorInstrumen.php(33): App\Models\ValidatorInstrumenModel->getAll('21129055')
#6 C:\laragon\www\ciempatmonitoringenam\system\CodeIgniter.php(919): App\Controllers\ValidatorInstrumen->index()
#7 C:\laragon\www\ciempatmonitoringenam\system\CodeIgniter.php(494): CodeIgniter\CodeIgniter->runController(Object(App\Controllers\ValidatorInstrumen))
#8 C:\laragon\www\ciempatmonitoringenam\system\CodeIgniter.php(353): CodeIgniter\CodeIgniter->handleRequest(NULL, Object(Config\Cache), false)
#9 C:\laragon\www\ciempatmonitoringenam\public\index.php(79): CodeIgniter\CodeIgniter->run()
#10 C:\laragon\www\ciempatmonitoringenam\system\Commands\Server\rewrite.php(47): require_once('C:\\laragon\\www\\...')
#11 {main}
CRITICAL - 2024-01-25 22:07:04 --> Table 'monitoring_mahasiswa.validator_instrumen' doesn't exist
in SYSTEMPATH\Database\BaseConnection.php on line 646.
 1 SYSTEMPATH\Database\BaseBuilder.php(1615): CodeIgniter\Database\BaseConnection->query('SELECT `validator_instrumen`.*, `departemen`.`departemen_nama` as `nama_departemen`
FROM `validator_instrumen`
JOIN `departemen` ON `validator_instrumen`.`departemen_pengajuan` = `departemen`.`departemen_id`
WHERE `user_pengajuan` = :user_pengajuan:
ORDER BY `created_at` ASC', [...], false)
 2 APPPATH\Models\ValidatorInstrumenModel.php(40): CodeIgniter\Database\BaseBuilder->get()
 3 APPPATH\Controllers\ValidatorInstrumen.php(33): App\Models\ValidatorInstrumenModel->getAll('21129055')
 4 SYSTEMPATH\CodeIgniter.php(919): App\Controllers\ValidatorInstrumen->index()
 5 SYSTEMPATH\CodeIgniter.php(494): CodeIgniter\CodeIgniter->runController(Object(App\Controllers\ValidatorInstrumen))
 6 SYSTEMPATH\CodeIgniter.php(353): CodeIgniter\CodeIgniter->handleRequest(null, Object(Config\Cache), false)
 7 FCPATH\index.php(79): CodeIgniter\CodeIgniter->run()
 8 SYSTEMPATH\Commands\Server\rewrite.php(47): require_once('C:\\laragon\\www\\ciempatmonitoringenam\\public\\index.php')
INFO - 2024-01-25 22:07:35 --> Session: Class initialized using 'CodeIgniter\Session\Handlers\FileHandler' driver.
ERROR - 2024-01-25 22:07:35 --> mysqli_sql_exception: Unknown table 'validator_instrumen' in C:\laragon\www\ciempatmonitoringenam\system\Database\MySQLi\Connection.php:306
Stack trace:
#0 C:\laragon\www\ciempatmonitoringenam\system\Database\MySQLi\Connection.php(306): mysqli->query('SELECT `validat...', 0)
#1 C:\laragon\www\ciempatmonitoringenam\system\Database\BaseConnection.php(692): CodeIgniter\Database\MySQLi\Connection->execute('SELECT `validat...')
#2 C:\laragon\www\ciempatmonitoringenam\system\Database\BaseConnection.php(606): CodeIgniter\Database\BaseConnection->simpleQuery('SELECT `validat...')
#3 C:\laragon\www\ciempatmonitoringenam\system\Database\BaseBuilder.php(1615): CodeIgniter\Database\BaseConnection->query('SELECT `validat...', Array, false)
#4 C:\laragon\www\ciempatmonitoringenam\app\Models\ValidatorInstrumenModel.php(40): CodeIgniter\Database\BaseBuilder->get()
#5 C:\laragon\www\ciempatmonitoringenam\app\Controllers\ValidatorInstrumen.php(33): App\Models\ValidatorInstrumenModel->getAll('21129055')
#6 C:\laragon\www\ciempatmonitoringenam\system\CodeIgniter.php(919): App\Controllers\ValidatorInstrumen->index()
#7 C:\laragon\www\ciempatmonitoringenam\system\CodeIgniter.php(494): CodeIgniter\CodeIgniter->runController(Object(App\Controllers\ValidatorInstrumen))
#8 C:\laragon\www\ciempatmonitoringenam\system\CodeIgniter.php(353): CodeIgniter\CodeIgniter->handleRequest(NULL, Object(Config\Cache), false)
#9 C:\laragon\www\ciempatmonitoringenam\public\index.php(79): CodeIgniter\CodeIgniter->run()
#10 C:\laragon\www\ciempatmonitoringenam\system\Commands\Server\rewrite.php(47): require_once('C:\\laragon\\www\\...')
#11 {main}
CRITICAL - 2024-01-25 22:07:35 --> Unknown table 'validator_instrumen'
in SYSTEMPATH\Database\BaseConnection.php on line 646.
 1 SYSTEMPATH\Database\BaseBuilder.php(1615): CodeIgniter\Database\BaseConnection->query('SELECT `validator_instrumen`.*, `departemen`.`departemen_nama` as `nama_departemen`
FROM `surat_validator_instrumen`
JOIN `departemen` ON `validator_instrumen`.`departemen_pengajuan` = `departemen`.`departemen_id`
WHERE `user_pengajuan` = :user_pengajuan:
ORDER BY `created_at` ASC', [...], false)
 2 APPPATH\Models\ValidatorInstrumenModel.php(40): CodeIgniter\Database\BaseBuilder->get()
 3 APPPATH\Controllers\ValidatorInstrumen.php(33): App\Models\ValidatorInstrumenModel->getAll('21129055')
 4 SYSTEMPATH\CodeIgniter.php(919): App\Controllers\ValidatorInstrumen->index()
 5 SYSTEMPATH\CodeIgniter.php(494): CodeIgniter\CodeIgniter->runController(Object(App\Controllers\ValidatorInstrumen))
 6 SYSTEMPATH\CodeIgniter.php(353): CodeIgniter\CodeIgniter->handleRequest(null, Object(Config\Cache), false)
 7 FCPATH\index.php(79): CodeIgniter\CodeIgniter->run()
 8 SYSTEMPATH\Commands\Server\rewrite.php(47): require_once('C:\\laragon\\www\\ciempatmonitoringenam\\public\\index.php')
INFO - 2024-01-25 22:07:49 --> Session: Class initialized using 'CodeIgniter\Session\Handlers\FileHandler' driver.
ERROR - 2024-01-25 22:07:49 --> mysqli_sql_exception: Unknown column 'validator_instrumen.departemen_pengajuan' in 'on clause' in C:\laragon\www\ciempatmonitoringenam\system\Database\MySQLi\Connection.php:306
Stack trace:
#0 C:\laragon\www\ciempatmonitoringenam\system\Database\MySQLi\Connection.php(306): mysqli->query('SELECT `surat_v...', 0)
#1 C:\laragon\www\ciempatmonitoringenam\system\Database\BaseConnection.php(692): CodeIgniter\Database\MySQLi\Connection->execute('SELECT `surat_v...')
#2 C:\laragon\www\ciempatmonitoringenam\system\Database\BaseConnection.php(606): CodeIgniter\Database\BaseConnection->simpleQuery('SELECT `surat_v...')
#3 C:\laragon\www\ciempatmonitoringenam\system\Database\BaseBuilder.php(1615): CodeIgniter\Database\BaseConnection->query('SELECT `surat_v...', Array, false)
#4 C:\laragon\www\ciempatmonitoringenam\app\Models\ValidatorInstrumenModel.php(40): CodeIgniter\Database\BaseBuilder->get()
#5 C:\laragon\www\ciempatmonitoringenam\app\Controllers\ValidatorInstrumen.php(33): App\Models\ValidatorInstrumenModel->getAll('21129055')
#6 C:\laragon\www\ciempatmonitoringenam\system\CodeIgniter.php(919): App\Controllers\ValidatorInstrumen->index()
#7 C:\laragon\www\ciempatmonitoringenam\system\CodeIgniter.php(494): CodeIgniter\CodeIgniter->runController(Object(App\Controllers\ValidatorInstrumen))
#8 C:\laragon\www\ciempatmonitoringenam\system\CodeIgniter.php(353): CodeIgniter\CodeIgniter->handleRequest(NULL, Object(Config\Cache), false)
#9 C:\laragon\www\ciempatmonitoringenam\public\index.php(79): CodeIgniter\CodeIgniter->run()
#10 C:\laragon\www\ciempatmonitoringenam\system\Commands\Server\rewrite.php(47): require_once('C:\\laragon\\www\\...')
#11 {main}
CRITICAL - 2024-01-25 22:07:49 --> Unknown column 'validator_instrumen.departemen_pengajuan' in 'on clause'
in SYSTEMPATH\Database\BaseConnection.php on line 646.
 1 SYSTEMPATH\Database\BaseBuilder.php(1615): CodeIgniter\Database\BaseConnection->query('SELECT `surat_validator_instrumen`.*, `departemen`.`departemen_nama` as `nama_departemen`
FROM `surat_validator_instrumen`
JOIN `departemen` ON `validator_instrumen`.`departemen_pengajuan` = `departemen`.`departemen_id`
WHERE `user_pengajuan` = :user_pengajuan:
ORDER BY `created_at` ASC', [...], false)
 2 APPPATH\Models\ValidatorInstrumenModel.php(40): CodeIgniter\Database\BaseBuilder->get()
 3 APPPATH\Controllers\ValidatorInstrumen.php(33): App\Models\ValidatorInstrumenModel->getAll('21129055')
 4 SYSTEMPATH\CodeIgniter.php(919): App\Controllers\ValidatorInstrumen->index()
 5 SYSTEMPATH\CodeIgniter.php(494): CodeIgniter\CodeIgniter->runController(Object(App\Controllers\ValidatorInstrumen))
 6 SYSTEMPATH\CodeIgniter.php(353): CodeIgniter\CodeIgniter->handleRequest(null, Object(Config\Cache), false)
 7 FCPATH\index.php(79): CodeIgniter\CodeIgniter->run()
 8 SYSTEMPATH\Commands\Server\rewrite.php(47): require_once('C:\\laragon\\www\\ciempatmonitoringenam\\public\\index.php')
INFO - 2024-01-25 22:09:01 --> Session: Class initialized using 'CodeIgniter\Session\Handlers\FileHandler' driver.
CRITICAL - 2024-01-25 22:09:01 --> Invalid file: "validator_instrumen/v_validator_instrumen.php"
in SYSTEMPATH\Exceptions\FrameworkException.php on line 39.
 1 SYSTEMPATH\View\View.php(214): CodeIgniter\Exceptions\FrameworkException::forInvalidFile('validator_instrumen/v_validator_instrumen.php')
 2 SYSTEMPATH\Common.php(1188): CodeIgniter\View\View->render('validator_instrumen/v_validator_instrumen', [], true)
 3 APPPATH\Controllers\ValidatorInstrumen.php(39): view('validator_instrumen/v_validator_instrumen', [...])
 4 SYSTEMPATH\CodeIgniter.php(919): App\Controllers\ValidatorInstrumen->index()
 5 SYSTEMPATH\CodeIgniter.php(494): CodeIgniter\CodeIgniter->runController(Object(App\Controllers\ValidatorInstrumen))
 6 SYSTEMPATH\CodeIgniter.php(353): CodeIgniter\CodeIgniter->handleRequest(null, Object(Config\Cache), false)
 7 FCPATH\index.php(79): CodeIgniter\CodeIgniter->run()
 8 SYSTEMPATH\Commands\Server\rewrite.php(47): require_once('C:\\laragon\\www\\ciempatmonitoringenam\\public\\index.php')
INFO - 2024-01-25 22:09:24 --> Session: Class initialized using 'CodeIgniter\Session\Handlers\FileHandler' driver.
CRITICAL - 2024-01-25 22:09:24 --> Undefined variable $semua_izin_observasi_penelitian
in APPPATH\Views\validator_instrumen\v_validator_instrumen.php on line 56.
 1 APPPATH\Views\validator_instrumen\v_validator_instrumen.php(56): CodeIgniter\Debug\Exceptions->errorHandler(2, 'Undefined variable $semua_izin_observasi_penelitian', 'C:\\laragon\\www\\ciempatmonitoringenam\\app\\Views\\validator_instrumen\\v_validator_instrumen.php', 56)
 2 SYSTEMPATH\View\View.php(226): include('C:\\laragon\\www\\ciempatmonitoringenam\\app\\Views\\validator_instrumen\\v_validator_instrumen.php')
 3 SYSTEMPATH\View\View.php(229): CodeIgniter\View\View->CodeIgniter\View\{closure}()
 4 SYSTEMPATH\Common.php(1188): CodeIgniter\View\View->render('validator_instrumen/v_validator_instrumen', [], true)
 5 APPPATH\Controllers\ValidatorInstrumen.php(39): view('validator_instrumen/v_validator_instrumen', [...])
 6 SYSTEMPATH\CodeIgniter.php(919): App\Controllers\ValidatorInstrumen->index()
 7 SYSTEMPATH\CodeIgniter.php(494): CodeIgniter\CodeIgniter->runController(Object(App\Controllers\ValidatorInstrumen))
 8 SYSTEMPATH\CodeIgniter.php(353): CodeIgniter\CodeIgniter->handleRequest(null, Object(Config\Cache), false)
 9 FCPATH\index.php(79): CodeIgniter\CodeIgniter->run()
10 SYSTEMPATH\Commands\Server\rewrite.php(47): require_once('C:\\laragon\\www\\ciempatmonitoringenam\\public\\index.php')
INFO - 2024-01-25 22:10:57 --> Session: Class initialized using 'CodeIgniter\Session\Handlers\FileHandler' driver.
CRITICAL - 2024-01-25 22:10:57 --> Undefined variable $semua_observasi_penelitian
in APPPATH\Views\validator_instrumen\v_validator_instrumen.php on line 56.
 1 APPPATH\Views\validator_instrumen\v_validator_instrumen.php(56): CodeIgniter\Debug\Exceptions->errorHandler(2, 'Undefined variable $semua_observasi_penelitian', 'C:\\laragon\\www\\ciempatmonitoringenam\\app\\Views\\validator_instrumen\\v_validator_instrumen.php', 56)
 2 SYSTEMPATH\View\View.php(226): include('C:\\laragon\\www\\ciempatmonitoringenam\\app\\Views\\validator_instrumen\\v_validator_instrumen.php')
 3 SYSTEMPATH\View\View.php(229): CodeIgniter\View\View->CodeIgniter\View\{closure}()
 4 SYSTEMPATH\Common.php(1188): CodeIgniter\View\View->render('validator_instrumen/v_validator_instrumen', [], true)
 5 APPPATH\Controllers\ValidatorInstrumen.php(39): view('validator_instrumen/v_validator_instrumen', [...])
 6 SYSTEMPATH\CodeIgniter.php(919): App\Controllers\ValidatorInstrumen->index()
 7 SYSTEMPATH\CodeIgniter.php(494): CodeIgniter\CodeIgniter->runController(Object(App\Controllers\ValidatorInstrumen))
 8 SYSTEMPATH\CodeIgniter.php(353): CodeIgniter\CodeIgniter->handleRequest(null, Object(Config\Cache), false)
 9 FCPATH\index.php(79): CodeIgniter\CodeIgniter->run()
10 SYSTEMPATH\Commands\Server\rewrite.php(47): require_once('C:\\laragon\\www\\ciempatmonitoringenam\\public\\index.php')
INFO - 2024-01-25 22:11:36 --> Session: Class initialized using 'CodeIgniter\Session\Handlers\FileHandler' driver.
INFO - 2024-01-25 22:13:33 --> Session: Class initialized using 'CodeIgniter\Session\Handlers\FileHandler' driver.
CRITICAL - 2024-01-25 22:13:33 --> Undefined property: App\Controllers\ValidatorInstrumen::$departemenModel
in APPPATH\Controllers\ValidatorInstrumen.php on line 44.
 1 APPPATH\Controllers\ValidatorInstrumen.php(44): CodeIgniter\Debug\Exceptions->errorHandler(2, 'Undefined property: App\\Controllers\\ValidatorInstrumen::$departemenModel', 'C:\\laragon\\www\\ciempatmonitoringenam\\app\\Controllers\\ValidatorInstrumen.php', 44)
 2 SYSTEMPATH\CodeIgniter.php(919): App\Controllers\ValidatorInstrumen->tambah()
 3 SYSTEMPATH\CodeIgniter.php(494): CodeIgniter\CodeIgniter->runController(Object(App\Controllers\ValidatorInstrumen))
 4 SYSTEMPATH\CodeIgniter.php(353): CodeIgniter\CodeIgniter->handleRequest(null, Object(Config\Cache), false)
 5 FCPATH\index.php(79): CodeIgniter\CodeIgniter->run()
 6 SYSTEMPATH\Commands\Server\rewrite.php(47): require_once('C:\\laragon\\www\\ciempatmonitoringenam\\public\\index.php')
INFO - 2024-01-25 22:13:47 --> Session: Class initialized using 'CodeIgniter\Session\Handlers\FileHandler' driver.
INFO - 2024-01-25 22:17:22 --> Session: Class initialized using 'CodeIgniter\Session\Handlers\FileHandler' driver.
INFO - 2024-01-25 22:17:57 --> Session: Class initialized using 'CodeIgniter\Session\Handlers\FileHandler' driver.
INFO - 2024-01-25 22:21:06 --> Session: Class initialized using 'CodeIgniter\Session\Handlers\FileHandler' driver.
INFO - 2024-01-25 22:21:06 --> CSRF token verified.
CRITICAL - 2024-01-25 22:21:06 --> Call to undefined method App\Models\ValidatorInstrumenModel::simpan
in SYSTEMPATH\Model.php on line 873.
 1 APPPATH\Controllers\ValidatorInstrumen.php(97): CodeIgniter\Model->__call('simpan', [...])
 2 SYSTEMPATH\CodeIgniter.php(919): App\Controllers\ValidatorInstrumen->simpan()
 3 SYSTEMPATH\CodeIgniter.php(494): CodeIgniter\CodeIgniter->runController(Object(App\Controllers\ValidatorInstrumen))
 4 SYSTEMPATH\CodeIgniter.php(353): CodeIgniter\CodeIgniter->handleRequest(null, Object(Config\Cache), false)
 5 FCPATH\index.php(79): CodeIgniter\CodeIgniter->run()
 6 SYSTEMPATH\Commands\Server\rewrite.php(47): require_once('C:\\laragon\\www\\ciempatmonitoringenam\\public\\index.php')
INFO - 2024-01-25 22:22:33 --> Session: Class initialized using 'CodeIgniter\Session\Handlers\FileHandler' driver.
INFO - 2024-01-25 22:22:33 --> CSRF token verified.
INFO - 2024-01-25 22:22:33 --> Session: Class initialized using 'CodeIgniter\Session\Handlers\FileHandler' driver.
INFO - 2024-01-25 22:26:44 --> Session: Class initialized using 'CodeIgniter\Session\Handlers\FileHandler' driver.
INFO - 2024-01-25 22:42:51 --> Session: Class initialized using 'CodeIgniter\Session\Handlers\FileHandler' driver.
INFO - 2024-01-25 22:43:12 --> Session: Class initialized using 'CodeIgniter\Session\Handlers\FileHandler' driver.
INFO - 2024-01-25 22:43:15 --> Session: Class initialized using 'CodeIgniter\Session\Handlers\FileHandler' driver.
