INFO - 2024-01-12 15:12:48 --> Session: Class initialized using 'CodeIgniter\Session\Handlers\FileHandler' driver.
WARNING - 2024-01-12 15:12:48 --> [DEPRECATED] Creation of dynamic property App\Controllers\Auth::$db is deprecated in APPPATH\Controllers\BaseController.php on line 55.
 1 SYSTEMPATH\CodeIgniter.php(892): App\Controllers\BaseController->initController(Object(CodeIgniter\HTTP\IncomingRequest), Object(CodeIgniter\HTTP\Response), Object(CodeIgniter\Log\Logger))
 2 SYSTEMPATH\CodeIgniter.php(485): CodeIgniter\CodeIgniter->createController()
 3 SYSTEMPATH\CodeIgniter.php(353): CodeIgniter\CodeIgniter->handleRequest(null, Object(Config\Cache), false)
 4 FCPATH\index.php(79): CodeIgniter\CodeIgniter->run()
 5 SYSTEMPATH\Commands\Server\rewrite.php(47): require_once('D:\\programmer\\ciempatmonitoringenam\\public\\index.php')
INFO - 2024-01-12 15:12:48 --> Session: Class initialized using 'CodeIgniter\Session\Handlers\FileHandler' driver.
INFO - 2024-01-12 15:12:56 --> CSRF token verified.
WARNING - 2024-01-12 15:12:56 --> [DEPRECATED] Creation of dynamic property App\Controllers\Auth::$db is deprecated in APPPATH\Controllers\BaseController.php on line 55.
 1 SYSTEMPATH\CodeIgniter.php(892): App\Controllers\BaseController->initController(Object(CodeIgniter\HTTP\IncomingRequest), Object(CodeIgniter\HTTP\Response), Object(CodeIgniter\Log\Logger))
 2 SYSTEMPATH\CodeIgniter.php(485): CodeIgniter\CodeIgniter->createController()
 3 SYSTEMPATH\CodeIgniter.php(353): CodeIgniter\CodeIgniter->handleRequest(null, Object(Config\Cache), false)
 4 FCPATH\index.php(79): CodeIgniter\CodeIgniter->run()
 5 SYSTEMPATH\Commands\Server\rewrite.php(47): require_once('D:\\programmer\\ciempatmonitoringenam\\public\\index.php')
ERROR - 2024-01-12 15:12:56 --> Error connecting to the database: mysqli_sql_exception: Unknown database 'monitoring_mahasiswa' in D:\programmer\ciempatmonitoringenam\system\Database\MySQLi\Connection.php:184
Stack trace:
#0 D:\programmer\ciempatmonitoringenam\system\Database\MySQLi\Connection.php(184): mysqli->real_connect('localhost', 'root', Object(SensitiveParameterValue), 'monitoring_maha...', 3306, '', 0)
#1 D:\programmer\ciempatmonitoringenam\system\Database\BaseConnection.php(391): CodeIgniter\Database\MySQLi\Connection->connect(false)
#2 D:\programmer\ciempatmonitoringenam\system\Database\BaseConnection.php(574): CodeIgniter\Database\BaseConnection->initialize()
#3 D:\programmer\ciempatmonitoringenam\system\Database\BaseBuilder.php(1615): CodeIgniter\Database\BaseConnection->query('SELECT `user`.*...', Array, false)
#4 D:\programmer\ciempatmonitoringenam\app\Models\AuthModel.php(27): CodeIgniter\Database\BaseBuilder->get()
#5 D:\programmer\ciempatmonitoringenam\app\Controllers\Auth.php(124): App\Models\AuthModel->login('superadmin')
#6 D:\programmer\ciempatmonitoringenam\system\CodeIgniter.php(919): App\Controllers\Auth->loginProcess()
#7 D:\programmer\ciempatmonitoringenam\system\CodeIgniter.php(494): CodeIgniter\CodeIgniter->runController(Object(App\Controllers\Auth))
#8 D:\programmer\ciempatmonitoringenam\system\CodeIgniter.php(353): CodeIgniter\CodeIgniter->handleRequest(NULL, Object(Config\Cache), false)
#9 D:\programmer\ciempatmonitoringenam\public\index.php(79): CodeIgniter\CodeIgniter->run()
#10 D:\programmer\ciempatmonitoringenam\system\Commands\Server\rewrite.php(47): require_once('D:\\programmer\\c...')
#11 {main}

Next CodeIgniter\Database\Exceptions\DatabaseException: Unknown database 'monitoring_mahasiswa' in D:\programmer\ciempatmonitoringenam\system\Database\MySQLi\Connection.php:229
Stack trace:
#0 D:\programmer\ciempatmonitoringenam\system\Database\BaseConnection.php(391): CodeIgniter\Database\MySQLi\Connection->connect(false)
#1 D:\programmer\ciempatmonitoringenam\system\Database\BaseConnection.php(574): CodeIgniter\Database\BaseConnection->initialize()
#2 D:\programmer\ciempatmonitoringenam\system\Database\BaseBuilder.php(1615): CodeIgniter\Database\BaseConnection->query('SELECT `user`.*...', Array, false)
#3 D:\programmer\ciempatmonitoringenam\app\Models\AuthModel.php(27): CodeIgniter\Database\BaseBuilder->get()
#4 D:\programmer\ciempatmonitoringenam\app\Controllers\Auth.php(124): App\Models\AuthModel->login('superadmin')
#5 D:\programmer\ciempatmonitoringenam\system\CodeIgniter.php(919): App\Controllers\Auth->loginProcess()
#6 D:\programmer\ciempatmonitoringenam\system\CodeIgniter.php(494): CodeIgniter\CodeIgniter->runController(Object(App\Controllers\Auth))
#7 D:\programmer\ciempatmonitoringenam\system\CodeIgniter.php(353): CodeIgniter\CodeIgniter->handleRequest(NULL, Object(Config\Cache), false)
#8 D:\programmer\ciempatmonitoringenam\public\index.php(79): CodeIgniter\CodeIgniter->run()
#9 D:\programmer\ciempatmonitoringenam\system\Commands\Server\rewrite.php(47): require_once('D:\\programmer\\c...')
#10 {main}
CRITICAL - 2024-01-12 15:12:56 --> Unable to connect to the database.
Main connection [MySQLi]: Unknown database 'monitoring_mahasiswa'
in SYSTEMPATH\Database\BaseConnection.php on line 427.
 1 SYSTEMPATH\Database\BaseConnection.php(574): CodeIgniter\Database\BaseConnection->initialize()
 2 SYSTEMPATH\Database\BaseBuilder.php(1615): CodeIgniter\Database\BaseConnection->query('SELECT `user`.*, `user_level`.`user_level_nama`
FROM `user`
JOIN `user_level` ON `user_level`.`user_level_id` = `user`.`level`
WHERE `username` = :username:', [...], false)
 3 APPPATH\Models\AuthModel.php(27): CodeIgniter\Database\BaseBuilder->get()
 4 APPPATH\Controllers\Auth.php(124): App\Models\AuthModel->login('superadmin')
 5 SYSTEMPATH\CodeIgniter.php(919): App\Controllers\Auth->loginProcess()
 6 SYSTEMPATH\CodeIgniter.php(494): CodeIgniter\CodeIgniter->runController(Object(App\Controllers\Auth))
 7 SYSTEMPATH\CodeIgniter.php(353): CodeIgniter\CodeIgniter->handleRequest(null, Object(Config\Cache), false)
 8 FCPATH\index.php(79): CodeIgniter\CodeIgniter->run()
 9 SYSTEMPATH\Commands\Server\rewrite.php(47): require_once('D:\\programmer\\ciempatmonitoringenam\\public\\index.php')
INFO - 2024-01-12 15:15:39 --> CSRF token verified.
WARNING - 2024-01-12 15:15:39 --> [DEPRECATED] Creation of dynamic property App\Controllers\Auth::$db is deprecated in APPPATH\Controllers\BaseController.php on line 55.
 1 SYSTEMPATH\CodeIgniter.php(892): App\Controllers\BaseController->initController(Object(CodeIgniter\HTTP\IncomingRequest), Object(CodeIgniter\HTTP\Response), Object(CodeIgniter\Log\Logger))
 2 SYSTEMPATH\CodeIgniter.php(485): CodeIgniter\CodeIgniter->createController()
 3 SYSTEMPATH\CodeIgniter.php(353): CodeIgniter\CodeIgniter->handleRequest(null, Object(Config\Cache), false)
 4 FCPATH\index.php(79): CodeIgniter\CodeIgniter->run()
 5 SYSTEMPATH\Commands\Server\rewrite.php(47): require_once('D:\\programmer\\ciempatmonitoringenam\\public\\index.php')
INFO - 2024-01-12 15:15:39 --> Session: Class initialized using 'CodeIgniter\Session\Handlers\FileHandler' driver.
INFO - 2024-01-12 15:15:39 --> Session: Class initialized using 'CodeIgniter\Session\Handlers\FileHandler' driver.
WARNING - 2024-01-12 15:15:39 --> [DEPRECATED] Creation of dynamic property App\Controllers\Dashboard::$db is deprecated in APPPATH\Controllers\BaseController.php on line 55.
 1 SYSTEMPATH\CodeIgniter.php(892): App\Controllers\BaseController->initController(Object(CodeIgniter\HTTP\IncomingRequest), Object(CodeIgniter\HTTP\Response), Object(CodeIgniter\Log\Logger))
 2 SYSTEMPATH\CodeIgniter.php(485): CodeIgniter\CodeIgniter->createController()
 3 SYSTEMPATH\CodeIgniter.php(353): CodeIgniter\CodeIgniter->handleRequest(null, Object(Config\Cache), false)
 4 FCPATH\index.php(79): CodeIgniter\CodeIgniter->run()
 5 SYSTEMPATH\Commands\Server\rewrite.php(47): require_once('D:\\programmer\\ciempatmonitoringenam\\public\\index.php')
INFO - 2024-01-12 15:15:54 --> Session: Class initialized using 'CodeIgniter\Session\Handlers\FileHandler' driver.
WARNING - 2024-01-12 15:15:54 --> [DEPRECATED] Creation of dynamic property App\Controllers\UserLevel::$db is deprecated in APPPATH\Controllers\BaseController.php on line 55.
 1 SYSTEMPATH\CodeIgniter.php(892): App\Controllers\BaseController->initController(Object(CodeIgniter\HTTP\IncomingRequest), Object(CodeIgniter\HTTP\Response), Object(CodeIgniter\Log\Logger))
 2 SYSTEMPATH\CodeIgniter.php(485): CodeIgniter\CodeIgniter->createController()
 3 SYSTEMPATH\CodeIgniter.php(353): CodeIgniter\CodeIgniter->handleRequest(null, Object(Config\Cache), false)
 4 FCPATH\index.php(79): CodeIgniter\CodeIgniter->run()
 5 SYSTEMPATH\Commands\Server\rewrite.php(47): require_once('D:\\programmer\\ciempatmonitoringenam\\public\\index.php')
INFO - 2024-01-12 15:15:57 --> Session: Class initialized using 'CodeIgniter\Session\Handlers\FileHandler' driver.
WARNING - 2024-01-12 15:15:57 --> [DEPRECATED] Creation of dynamic property App\Controllers\User::$departemenModel is deprecated in APPPATH\Controllers\User.php on line 16.
 1 SYSTEMPATH\CodeIgniter.php(891): App\Controllers\User->__construct()
 2 SYSTEMPATH\CodeIgniter.php(485): CodeIgniter\CodeIgniter->createController()
 3 SYSTEMPATH\CodeIgniter.php(353): CodeIgniter\CodeIgniter->handleRequest(null, Object(Config\Cache), false)
 4 FCPATH\index.php(79): CodeIgniter\CodeIgniter->run()
 5 SYSTEMPATH\Commands\Server\rewrite.php(47): require_once('D:\\programmer\\ciempatmonitoringenam\\public\\index.php')
WARNING - 2024-01-12 15:15:57 --> [DEPRECATED] Creation of dynamic property App\Controllers\User::$userLevelModel is deprecated in APPPATH\Controllers\User.php on line 17.
 1 SYSTEMPATH\CodeIgniter.php(891): App\Controllers\User->__construct()
 2 SYSTEMPATH\CodeIgniter.php(485): CodeIgniter\CodeIgniter->createController()
 3 SYSTEMPATH\CodeIgniter.php(353): CodeIgniter\CodeIgniter->handleRequest(null, Object(Config\Cache), false)
 4 FCPATH\index.php(79): CodeIgniter\CodeIgniter->run()
 5 SYSTEMPATH\Commands\Server\rewrite.php(47): require_once('D:\\programmer\\ciempatmonitoringenam\\public\\index.php')
WARNING - 2024-01-12 15:15:57 --> [DEPRECATED] Creation of dynamic property App\Controllers\User::$db is deprecated in APPPATH\Controllers\BaseController.php on line 55.
 1 SYSTEMPATH\CodeIgniter.php(892): App\Controllers\BaseController->initController(Object(CodeIgniter\HTTP\IncomingRequest), Object(CodeIgniter\HTTP\Response), Object(CodeIgniter\Log\Logger))
 2 SYSTEMPATH\CodeIgniter.php(485): CodeIgniter\CodeIgniter->createController()
 3 SYSTEMPATH\CodeIgniter.php(353): CodeIgniter\CodeIgniter->handleRequest(null, Object(Config\Cache), false)
 4 FCPATH\index.php(79): CodeIgniter\CodeIgniter->run()
 5 SYSTEMPATH\Commands\Server\rewrite.php(47): require_once('D:\\programmer\\ciempatmonitoringenam\\public\\index.php')
INFO - 2024-01-12 15:19:32 --> Session: Class initialized using 'CodeIgniter\Session\Handlers\FileHandler' driver.
WARNING - 2024-01-12 15:19:33 --> [DEPRECATED] Creation of dynamic property App\Controllers\Auth::$db is deprecated in APPPATH\Controllers\BaseController.php on line 55.
 1 SYSTEMPATH\CodeIgniter.php(892): App\Controllers\BaseController->initController(Object(CodeIgniter\HTTP\IncomingRequest), Object(CodeIgniter\HTTP\Response), Object(CodeIgniter\Log\Logger))
 2 SYSTEMPATH\CodeIgniter.php(485): CodeIgniter\CodeIgniter->createController()
 3 SYSTEMPATH\CodeIgniter.php(353): CodeIgniter\CodeIgniter->handleRequest(null, Object(Config\Cache), false)
 4 FCPATH\index.php(79): CodeIgniter\CodeIgniter->run()
 5 SYSTEMPATH\Commands\Server\rewrite.php(47): require_once('D:\\programmer\\ciempatmonitoringenam\\public\\index.php')
INFO - 2024-01-12 15:19:33 --> Session: Class initialized using 'CodeIgniter\Session\Handlers\FileHandler' driver.
INFO - 2024-01-12 15:19:46 --> CSRF token verified.
WARNING - 2024-01-12 15:19:46 --> [DEPRECATED] Creation of dynamic property App\Controllers\Auth::$db is deprecated in APPPATH\Controllers\BaseController.php on line 55.
 1 SYSTEMPATH\CodeIgniter.php(892): App\Controllers\BaseController->initController(Object(CodeIgniter\HTTP\IncomingRequest), Object(CodeIgniter\HTTP\Response), Object(CodeIgniter\Log\Logger))
 2 SYSTEMPATH\CodeIgniter.php(485): CodeIgniter\CodeIgniter->createController()
 3 SYSTEMPATH\CodeIgniter.php(353): CodeIgniter\CodeIgniter->handleRequest(null, Object(Config\Cache), false)
 4 FCPATH\index.php(79): CodeIgniter\CodeIgniter->run()
 5 SYSTEMPATH\Commands\Server\rewrite.php(47): require_once('D:\\programmer\\ciempatmonitoringenam\\public\\index.php')
INFO - 2024-01-12 15:19:47 --> Session: Class initialized using 'CodeIgniter\Session\Handlers\FileHandler' driver.
INFO - 2024-01-12 15:19:47 --> Session: Class initialized using 'CodeIgniter\Session\Handlers\FileHandler' driver.
WARNING - 2024-01-12 15:19:47 --> [DEPRECATED] Creation of dynamic property App\Controllers\Dashboard::$db is deprecated in APPPATH\Controllers\BaseController.php on line 55.
 1 SYSTEMPATH\CodeIgniter.php(892): App\Controllers\BaseController->initController(Object(CodeIgniter\HTTP\IncomingRequest), Object(CodeIgniter\HTTP\Response), Object(CodeIgniter\Log\Logger))
 2 SYSTEMPATH\CodeIgniter.php(485): CodeIgniter\CodeIgniter->createController()
 3 SYSTEMPATH\CodeIgniter.php(353): CodeIgniter\CodeIgniter->handleRequest(null, Object(Config\Cache), false)
 4 FCPATH\index.php(79): CodeIgniter\CodeIgniter->run()
 5 SYSTEMPATH\Commands\Server\rewrite.php(47): require_once('D:\\programmer\\ciempatmonitoringenam\\public\\index.php')
WARNING - 2024-01-12 15:29:34 --> [DEPRECATED] Creation of dynamic property App\Controllers\Auth::$db is deprecated in APPPATH\Controllers\BaseController.php on line 55.
 1 SYSTEMPATH\CodeIgniter.php(892): App\Controllers\BaseController->initController(Object(CodeIgniter\HTTP\IncomingRequest), Object(CodeIgniter\HTTP\Response), Object(CodeIgniter\Log\Logger))
 2 SYSTEMPATH\CodeIgniter.php(485): CodeIgniter\CodeIgniter->createController()
 3 SYSTEMPATH\CodeIgniter.php(353): CodeIgniter\CodeIgniter->handleRequest(null, Object(Config\Cache), false)
 4 FCPATH\index.php(79): CodeIgniter\CodeIgniter->run()
 5 SYSTEMPATH\Commands\Server\rewrite.php(47): require_once('D:\\programmer\\ciempatmonitoringenam\\public\\index.php')
INFO - 2024-01-12 15:29:34 --> Session: Class initialized using 'CodeIgniter\Session\Handlers\FileHandler' driver.
WARNING - 2024-01-12 15:29:34 --> [DEPRECATED] Creation of dynamic property App\Controllers\Auth::$db is deprecated in APPPATH\Controllers\BaseController.php on line 55.
 1 SYSTEMPATH\CodeIgniter.php(892): App\Controllers\BaseController->initController(Object(CodeIgniter\HTTP\IncomingRequest), Object(CodeIgniter\HTTP\Response), Object(CodeIgniter\Log\Logger))
 2 SYSTEMPATH\CodeIgniter.php(485): CodeIgniter\CodeIgniter->createController()
 3 SYSTEMPATH\CodeIgniter.php(353): CodeIgniter\CodeIgniter->handleRequest(null, Object(Config\Cache), false)
 4 FCPATH\index.php(79): CodeIgniter\CodeIgniter->run()
 5 SYSTEMPATH\Commands\Server\rewrite.php(47): require_once('D:\\programmer\\ciempatmonitoringenam\\public\\index.php')
INFO - 2024-01-12 15:29:34 --> Session: Class initialized using 'CodeIgniter\Session\Handlers\FileHandler' driver.
INFO - 2024-01-12 15:29:41 --> CSRF token verified.
WARNING - 2024-01-12 15:29:41 --> [DEPRECATED] Creation of dynamic property App\Controllers\Auth::$db is deprecated in APPPATH\Controllers\BaseController.php on line 55.
 1 SYSTEMPATH\CodeIgniter.php(892): App\Controllers\BaseController->initController(Object(CodeIgniter\HTTP\IncomingRequest), Object(CodeIgniter\HTTP\Response), Object(CodeIgniter\Log\Logger))
 2 SYSTEMPATH\CodeIgniter.php(485): CodeIgniter\CodeIgniter->createController()
 3 SYSTEMPATH\CodeIgniter.php(353): CodeIgniter\CodeIgniter->handleRequest(null, Object(Config\Cache), false)
 4 FCPATH\index.php(79): CodeIgniter\CodeIgniter->run()
 5 SYSTEMPATH\Commands\Server\rewrite.php(47): require_once('D:\\programmer\\ciempatmonitoringenam\\public\\index.php')
INFO - 2024-01-12 15:29:41 --> Session: Class initialized using 'CodeIgniter\Session\Handlers\FileHandler' driver.
INFO - 2024-01-12 15:29:41 --> Session: Class initialized using 'CodeIgniter\Session\Handlers\FileHandler' driver.
WARNING - 2024-01-12 15:29:41 --> [DEPRECATED] Creation of dynamic property App\Controllers\Dashboard::$db is deprecated in APPPATH\Controllers\BaseController.php on line 55.
 1 SYSTEMPATH\CodeIgniter.php(892): App\Controllers\BaseController->initController(Object(CodeIgniter\HTTP\IncomingRequest), Object(CodeIgniter\HTTP\Response), Object(CodeIgniter\Log\Logger))
 2 SYSTEMPATH\CodeIgniter.php(485): CodeIgniter\CodeIgniter->createController()
 3 SYSTEMPATH\CodeIgniter.php(353): CodeIgniter\CodeIgniter->handleRequest(null, Object(Config\Cache), false)
 4 FCPATH\index.php(79): CodeIgniter\CodeIgniter->run()
 5 SYSTEMPATH\Commands\Server\rewrite.php(47): require_once('D:\\programmer\\ciempatmonitoringenam\\public\\index.php')
INFO - 2024-01-12 15:39:56 --> Session: Class initialized using 'CodeIgniter\Session\Handlers\FileHandler' driver.
WARNING - 2024-01-12 15:39:56 --> [DEPRECATED] Creation of dynamic property App\Controllers\User::$departemenModel is deprecated in APPPATH\Controllers\User.php on line 16.
 1 SYSTEMPATH\CodeIgniter.php(891): App\Controllers\User->__construct()
 2 SYSTEMPATH\CodeIgniter.php(485): CodeIgniter\CodeIgniter->createController()
 3 SYSTEMPATH\CodeIgniter.php(353): CodeIgniter\CodeIgniter->handleRequest(null, Object(Config\Cache), false)
 4 FCPATH\index.php(79): CodeIgniter\CodeIgniter->run()
 5 SYSTEMPATH\Commands\Server\rewrite.php(47): require_once('D:\\programmer\\ciempatmonitoringenam\\public\\index.php')
WARNING - 2024-01-12 15:39:56 --> [DEPRECATED] Creation of dynamic property App\Controllers\User::$userLevelModel is deprecated in APPPATH\Controllers\User.php on line 17.
 1 SYSTEMPATH\CodeIgniter.php(891): App\Controllers\User->__construct()
 2 SYSTEMPATH\CodeIgniter.php(485): CodeIgniter\CodeIgniter->createController()
 3 SYSTEMPATH\CodeIgniter.php(353): CodeIgniter\CodeIgniter->handleRequest(null, Object(Config\Cache), false)
 4 FCPATH\index.php(79): CodeIgniter\CodeIgniter->run()
 5 SYSTEMPATH\Commands\Server\rewrite.php(47): require_once('D:\\programmer\\ciempatmonitoringenam\\public\\index.php')
WARNING - 2024-01-12 15:39:56 --> [DEPRECATED] Creation of dynamic property App\Controllers\User::$db is deprecated in APPPATH\Controllers\BaseController.php on line 55.
 1 SYSTEMPATH\CodeIgniter.php(892): App\Controllers\BaseController->initController(Object(CodeIgniter\HTTP\IncomingRequest), Object(CodeIgniter\HTTP\Response), Object(CodeIgniter\Log\Logger))
 2 SYSTEMPATH\CodeIgniter.php(485): CodeIgniter\CodeIgniter->createController()
 3 SYSTEMPATH\CodeIgniter.php(353): CodeIgniter\CodeIgniter->handleRequest(null, Object(Config\Cache), false)
 4 FCPATH\index.php(79): CodeIgniter\CodeIgniter->run()
 5 SYSTEMPATH\Commands\Server\rewrite.php(47): require_once('D:\\programmer\\ciempatmonitoringenam\\public\\index.php')
INFO - 2024-01-12 15:40:25 --> Session: Class initialized using 'CodeIgniter\Session\Handlers\FileHandler' driver.
WARNING - 2024-01-12 15:40:25 --> [DEPRECATED] Creation of dynamic property App\Controllers\User::$departemenModel is deprecated in APPPATH\Controllers\User.php on line 16.
 1 SYSTEMPATH\CodeIgniter.php(891): App\Controllers\User->__construct()
 2 SYSTEMPATH\CodeIgniter.php(485): CodeIgniter\CodeIgniter->createController()
 3 SYSTEMPATH\CodeIgniter.php(353): CodeIgniter\CodeIgniter->handleRequest(null, Object(Config\Cache), false)
 4 FCPATH\index.php(79): CodeIgniter\CodeIgniter->run()
 5 SYSTEMPATH\Commands\Server\rewrite.php(47): require_once('D:\\programmer\\ciempatmonitoringenam\\public\\index.php')
WARNING - 2024-01-12 15:40:25 --> [DEPRECATED] Creation of dynamic property App\Controllers\User::$userLevelModel is deprecated in APPPATH\Controllers\User.php on line 17.
 1 SYSTEMPATH\CodeIgniter.php(891): App\Controllers\User->__construct()
 2 SYSTEMPATH\CodeIgniter.php(485): CodeIgniter\CodeIgniter->createController()
 3 SYSTEMPATH\CodeIgniter.php(353): CodeIgniter\CodeIgniter->handleRequest(null, Object(Config\Cache), false)
 4 FCPATH\index.php(79): CodeIgniter\CodeIgniter->run()
 5 SYSTEMPATH\Commands\Server\rewrite.php(47): require_once('D:\\programmer\\ciempatmonitoringenam\\public\\index.php')
WARNING - 2024-01-12 15:40:25 --> [DEPRECATED] Creation of dynamic property App\Controllers\User::$db is deprecated in APPPATH\Controllers\BaseController.php on line 55.
 1 SYSTEMPATH\CodeIgniter.php(892): App\Controllers\BaseController->initController(Object(CodeIgniter\HTTP\IncomingRequest), Object(CodeIgniter\HTTP\Response), Object(CodeIgniter\Log\Logger))
 2 SYSTEMPATH\CodeIgniter.php(485): CodeIgniter\CodeIgniter->createController()
 3 SYSTEMPATH\CodeIgniter.php(353): CodeIgniter\CodeIgniter->handleRequest(null, Object(Config\Cache), false)
 4 FCPATH\index.php(79): CodeIgniter\CodeIgniter->run()
 5 SYSTEMPATH\Commands\Server\rewrite.php(47): require_once('D:\\programmer\\ciempatmonitoringenam\\public\\index.php')
INFO - 2024-01-12 15:42:09 --> Session: Class initialized using 'CodeIgniter\Session\Handlers\FileHandler' driver.
WARNING - 2024-01-12 15:42:09 --> [DEPRECATED] Creation of dynamic property App\Controllers\User::$departemenModel is deprecated in APPPATH\Controllers\User.php on line 16.
 1 SYSTEMPATH\CodeIgniter.php(891): App\Controllers\User->__construct()
 2 SYSTEMPATH\CodeIgniter.php(485): CodeIgniter\CodeIgniter->createController()
 3 SYSTEMPATH\CodeIgniter.php(353): CodeIgniter\CodeIgniter->handleRequest(null, Object(Config\Cache), false)
 4 FCPATH\index.php(79): CodeIgniter\CodeIgniter->run()
 5 SYSTEMPATH\Commands\Server\rewrite.php(47): require_once('D:\\programmer\\ciempatmonitoringenam\\public\\index.php')
WARNING - 2024-01-12 15:42:09 --> [DEPRECATED] Creation of dynamic property App\Controllers\User::$userLevelModel is deprecated in APPPATH\Controllers\User.php on line 17.
 1 SYSTEMPATH\CodeIgniter.php(891): App\Controllers\User->__construct()
 2 SYSTEMPATH\CodeIgniter.php(485): CodeIgniter\CodeIgniter->createController()
 3 SYSTEMPATH\CodeIgniter.php(353): CodeIgniter\CodeIgniter->handleRequest(null, Object(Config\Cache), false)
 4 FCPATH\index.php(79): CodeIgniter\CodeIgniter->run()
 5 SYSTEMPATH\Commands\Server\rewrite.php(47): require_once('D:\\programmer\\ciempatmonitoringenam\\public\\index.php')
WARNING - 2024-01-12 15:42:09 --> [DEPRECATED] Creation of dynamic property App\Controllers\User::$db is deprecated in APPPATH\Controllers\BaseController.php on line 55.
 1 SYSTEMPATH\CodeIgniter.php(892): App\Controllers\BaseController->initController(Object(CodeIgniter\HTTP\IncomingRequest), Object(CodeIgniter\HTTP\Response), Object(CodeIgniter\Log\Logger))
 2 SYSTEMPATH\CodeIgniter.php(485): CodeIgniter\CodeIgniter->createController()
 3 SYSTEMPATH\CodeIgniter.php(353): CodeIgniter\CodeIgniter->handleRequest(null, Object(Config\Cache), false)
 4 FCPATH\index.php(79): CodeIgniter\CodeIgniter->run()
 5 SYSTEMPATH\Commands\Server\rewrite.php(47): require_once('D:\\programmer\\ciempatmonitoringenam\\public\\index.php')
INFO - 2024-01-12 15:42:40 --> Session: Class initialized using 'CodeIgniter\Session\Handlers\FileHandler' driver.
INFO - 2024-01-12 15:42:40 --> CSRF token verified.
WARNING - 2024-01-12 15:42:40 --> [DEPRECATED] Creation of dynamic property App\Controllers\User::$departemenModel is deprecated in APPPATH\Controllers\User.php on line 16.
 1 SYSTEMPATH\CodeIgniter.php(891): App\Controllers\User->__construct()
 2 SYSTEMPATH\CodeIgniter.php(485): CodeIgniter\CodeIgniter->createController()
 3 SYSTEMPATH\CodeIgniter.php(353): CodeIgniter\CodeIgniter->handleRequest(null, Object(Config\Cache), false)
 4 FCPATH\index.php(79): CodeIgniter\CodeIgniter->run()
 5 SYSTEMPATH\Commands\Server\rewrite.php(47): require_once('D:\\programmer\\ciempatmonitoringenam\\public\\index.php')
WARNING - 2024-01-12 15:42:40 --> [DEPRECATED] Creation of dynamic property App\Controllers\User::$userLevelModel is deprecated in APPPATH\Controllers\User.php on line 17.
 1 SYSTEMPATH\CodeIgniter.php(891): App\Controllers\User->__construct()
 2 SYSTEMPATH\CodeIgniter.php(485): CodeIgniter\CodeIgniter->createController()
 3 SYSTEMPATH\CodeIgniter.php(353): CodeIgniter\CodeIgniter->handleRequest(null, Object(Config\Cache), false)
 4 FCPATH\index.php(79): CodeIgniter\CodeIgniter->run()
 5 SYSTEMPATH\Commands\Server\rewrite.php(47): require_once('D:\\programmer\\ciempatmonitoringenam\\public\\index.php')
WARNING - 2024-01-12 15:42:40 --> [DEPRECATED] Creation of dynamic property App\Controllers\User::$db is deprecated in APPPATH\Controllers\BaseController.php on line 55.
 1 SYSTEMPATH\CodeIgniter.php(892): App\Controllers\BaseController->initController(Object(CodeIgniter\HTTP\IncomingRequest), Object(CodeIgniter\HTTP\Response), Object(CodeIgniter\Log\Logger))
 2 SYSTEMPATH\CodeIgniter.php(485): CodeIgniter\CodeIgniter->createController()
 3 SYSTEMPATH\CodeIgniter.php(353): CodeIgniter\CodeIgniter->handleRequest(null, Object(Config\Cache), false)
 4 FCPATH\index.php(79): CodeIgniter\CodeIgniter->run()
 5 SYSTEMPATH\Commands\Server\rewrite.php(47): require_once('D:\\programmer\\ciempatmonitoringenam\\public\\index.php')
INFO - 2024-01-12 15:42:40 --> Session: Class initialized using 'CodeIgniter\Session\Handlers\FileHandler' driver.
WARNING - 2024-01-12 15:42:40 --> [DEPRECATED] Creation of dynamic property App\Controllers\User::$departemenModel is deprecated in APPPATH\Controllers\User.php on line 16.
 1 SYSTEMPATH\CodeIgniter.php(891): App\Controllers\User->__construct()
 2 SYSTEMPATH\CodeIgniter.php(485): CodeIgniter\CodeIgniter->createController()
 3 SYSTEMPATH\CodeIgniter.php(353): CodeIgniter\CodeIgniter->handleRequest(null, Object(Config\Cache), false)
 4 FCPATH\index.php(79): CodeIgniter\CodeIgniter->run()
 5 SYSTEMPATH\Commands\Server\rewrite.php(47): require_once('D:\\programmer\\ciempatmonitoringenam\\public\\index.php')
WARNING - 2024-01-12 15:42:40 --> [DEPRECATED] Creation of dynamic property App\Controllers\User::$userLevelModel is deprecated in APPPATH\Controllers\User.php on line 17.
 1 SYSTEMPATH\CodeIgniter.php(891): App\Controllers\User->__construct()
 2 SYSTEMPATH\CodeIgniter.php(485): CodeIgniter\CodeIgniter->createController()
 3 SYSTEMPATH\CodeIgniter.php(353): CodeIgniter\CodeIgniter->handleRequest(null, Object(Config\Cache), false)
 4 FCPATH\index.php(79): CodeIgniter\CodeIgniter->run()
 5 SYSTEMPATH\Commands\Server\rewrite.php(47): require_once('D:\\programmer\\ciempatmonitoringenam\\public\\index.php')
WARNING - 2024-01-12 15:42:40 --> [DEPRECATED] Creation of dynamic property App\Controllers\User::$db is deprecated in APPPATH\Controllers\BaseController.php on line 55.
 1 SYSTEMPATH\CodeIgniter.php(892): App\Controllers\BaseController->initController(Object(CodeIgniter\HTTP\IncomingRequest), Object(CodeIgniter\HTTP\Response), Object(CodeIgniter\Log\Logger))
 2 SYSTEMPATH\CodeIgniter.php(485): CodeIgniter\CodeIgniter->createController()
 3 SYSTEMPATH\CodeIgniter.php(353): CodeIgniter\CodeIgniter->handleRequest(null, Object(Config\Cache), false)
 4 FCPATH\index.php(79): CodeIgniter\CodeIgniter->run()
 5 SYSTEMPATH\Commands\Server\rewrite.php(47): require_once('D:\\programmer\\ciempatmonitoringenam\\public\\index.php')
INFO - 2024-01-12 15:43:35 --> Session: Class initialized using 'CodeIgniter\Session\Handlers\FileHandler' driver.
WARNING - 2024-01-12 15:43:35 --> [DEPRECATED] Creation of dynamic property App\Controllers\User::$departemenModel is deprecated in APPPATH\Controllers\User.php on line 16.
 1 SYSTEMPATH\CodeIgniter.php(891): App\Controllers\User->__construct()
 2 SYSTEMPATH\CodeIgniter.php(485): CodeIgniter\CodeIgniter->createController()
 3 SYSTEMPATH\CodeIgniter.php(353): CodeIgniter\CodeIgniter->handleRequest(null, Object(Config\Cache), false)
 4 FCPATH\index.php(79): CodeIgniter\CodeIgniter->run()
 5 SYSTEMPATH\Commands\Server\rewrite.php(47): require_once('D:\\programmer\\ciempatmonitoringenam\\public\\index.php')
WARNING - 2024-01-12 15:43:35 --> [DEPRECATED] Creation of dynamic property App\Controllers\User::$userLevelModel is deprecated in APPPATH\Controllers\User.php on line 17.
 1 SYSTEMPATH\CodeIgniter.php(891): App\Controllers\User->__construct()
 2 SYSTEMPATH\CodeIgniter.php(485): CodeIgniter\CodeIgniter->createController()
 3 SYSTEMPATH\CodeIgniter.php(353): CodeIgniter\CodeIgniter->handleRequest(null, Object(Config\Cache), false)
 4 FCPATH\index.php(79): CodeIgniter\CodeIgniter->run()
 5 SYSTEMPATH\Commands\Server\rewrite.php(47): require_once('D:\\programmer\\ciempatmonitoringenam\\public\\index.php')
WARNING - 2024-01-12 15:43:35 --> [DEPRECATED] Creation of dynamic property App\Controllers\User::$db is deprecated in APPPATH\Controllers\BaseController.php on line 55.
 1 SYSTEMPATH\CodeIgniter.php(892): App\Controllers\BaseController->initController(Object(CodeIgniter\HTTP\IncomingRequest), Object(CodeIgniter\HTTP\Response), Object(CodeIgniter\Log\Logger))
 2 SYSTEMPATH\CodeIgniter.php(485): CodeIgniter\CodeIgniter->createController()
 3 SYSTEMPATH\CodeIgniter.php(353): CodeIgniter\CodeIgniter->handleRequest(null, Object(Config\Cache), false)
 4 FCPATH\index.php(79): CodeIgniter\CodeIgniter->run()
 5 SYSTEMPATH\Commands\Server\rewrite.php(47): require_once('D:\\programmer\\ciempatmonitoringenam\\public\\index.php')
INFO - 2024-01-12 15:43:57 --> Session: Class initialized using 'CodeIgniter\Session\Handlers\FileHandler' driver.
INFO - 2024-01-12 15:43:57 --> CSRF token verified.
WARNING - 2024-01-12 15:43:57 --> [DEPRECATED] Creation of dynamic property App\Controllers\User::$departemenModel is deprecated in APPPATH\Controllers\User.php on line 16.
 1 SYSTEMPATH\CodeIgniter.php(891): App\Controllers\User->__construct()
 2 SYSTEMPATH\CodeIgniter.php(485): CodeIgniter\CodeIgniter->createController()
 3 SYSTEMPATH\CodeIgniter.php(353): CodeIgniter\CodeIgniter->handleRequest(null, Object(Config\Cache), false)
 4 FCPATH\index.php(79): CodeIgniter\CodeIgniter->run()
 5 SYSTEMPATH\Commands\Server\rewrite.php(47): require_once('D:\\programmer\\ciempatmonitoringenam\\public\\index.php')
WARNING - 2024-01-12 15:43:57 --> [DEPRECATED] Creation of dynamic property App\Controllers\User::$userLevelModel is deprecated in APPPATH\Controllers\User.php on line 17.
 1 SYSTEMPATH\CodeIgniter.php(891): App\Controllers\User->__construct()
 2 SYSTEMPATH\CodeIgniter.php(485): CodeIgniter\CodeIgniter->createController()
 3 SYSTEMPATH\CodeIgniter.php(353): CodeIgniter\CodeIgniter->handleRequest(null, Object(Config\Cache), false)
 4 FCPATH\index.php(79): CodeIgniter\CodeIgniter->run()
 5 SYSTEMPATH\Commands\Server\rewrite.php(47): require_once('D:\\programmer\\ciempatmonitoringenam\\public\\index.php')
WARNING - 2024-01-12 15:43:57 --> [DEPRECATED] Creation of dynamic property App\Controllers\User::$db is deprecated in APPPATH\Controllers\BaseController.php on line 55.
 1 SYSTEMPATH\CodeIgniter.php(892): App\Controllers\BaseController->initController(Object(CodeIgniter\HTTP\IncomingRequest), Object(CodeIgniter\HTTP\Response), Object(CodeIgniter\Log\Logger))
 2 SYSTEMPATH\CodeIgniter.php(485): CodeIgniter\CodeIgniter->createController()
 3 SYSTEMPATH\CodeIgniter.php(353): CodeIgniter\CodeIgniter->handleRequest(null, Object(Config\Cache), false)
 4 FCPATH\index.php(79): CodeIgniter\CodeIgniter->run()
 5 SYSTEMPATH\Commands\Server\rewrite.php(47): require_once('D:\\programmer\\ciempatmonitoringenam\\public\\index.php')
INFO - 2024-01-12 15:43:57 --> Session: Class initialized using 'CodeIgniter\Session\Handlers\FileHandler' driver.
WARNING - 2024-01-12 15:43:57 --> [DEPRECATED] Creation of dynamic property App\Controllers\User::$departemenModel is deprecated in APPPATH\Controllers\User.php on line 16.
 1 SYSTEMPATH\CodeIgniter.php(891): App\Controllers\User->__construct()
 2 SYSTEMPATH\CodeIgniter.php(485): CodeIgniter\CodeIgniter->createController()
 3 SYSTEMPATH\CodeIgniter.php(353): CodeIgniter\CodeIgniter->handleRequest(null, Object(Config\Cache), false)
 4 FCPATH\index.php(79): CodeIgniter\CodeIgniter->run()
 5 SYSTEMPATH\Commands\Server\rewrite.php(47): require_once('D:\\programmer\\ciempatmonitoringenam\\public\\index.php')
WARNING - 2024-01-12 15:43:57 --> [DEPRECATED] Creation of dynamic property App\Controllers\User::$userLevelModel is deprecated in APPPATH\Controllers\User.php on line 17.
 1 SYSTEMPATH\CodeIgniter.php(891): App\Controllers\User->__construct()
 2 SYSTEMPATH\CodeIgniter.php(485): CodeIgniter\CodeIgniter->createController()
 3 SYSTEMPATH\CodeIgniter.php(353): CodeIgniter\CodeIgniter->handleRequest(null, Object(Config\Cache), false)
 4 FCPATH\index.php(79): CodeIgniter\CodeIgniter->run()
 5 SYSTEMPATH\Commands\Server\rewrite.php(47): require_once('D:\\programmer\\ciempatmonitoringenam\\public\\index.php')
WARNING - 2024-01-12 15:43:57 --> [DEPRECATED] Creation of dynamic property App\Controllers\User::$db is deprecated in APPPATH\Controllers\BaseController.php on line 55.
 1 SYSTEMPATH\CodeIgniter.php(892): App\Controllers\BaseController->initController(Object(CodeIgniter\HTTP\IncomingRequest), Object(CodeIgniter\HTTP\Response), Object(CodeIgniter\Log\Logger))
 2 SYSTEMPATH\CodeIgniter.php(485): CodeIgniter\CodeIgniter->createController()
 3 SYSTEMPATH\CodeIgniter.php(353): CodeIgniter\CodeIgniter->handleRequest(null, Object(Config\Cache), false)
 4 FCPATH\index.php(79): CodeIgniter\CodeIgniter->run()
 5 SYSTEMPATH\Commands\Server\rewrite.php(47): require_once('D:\\programmer\\ciempatmonitoringenam\\public\\index.php')
INFO - 2024-01-12 15:51:00 --> Session: Class initialized using 'CodeIgniter\Session\Handlers\FileHandler' driver.
WARNING - 2024-01-12 15:51:00 --> [DEPRECATED] Creation of dynamic property App\Controllers\User::$departemenModel is deprecated in APPPATH\Controllers\User.php on line 16.
 1 SYSTEMPATH\CodeIgniter.php(891): App\Controllers\User->__construct()
 2 SYSTEMPATH\CodeIgniter.php(485): CodeIgniter\CodeIgniter->createController()
 3 SYSTEMPATH\CodeIgniter.php(353): CodeIgniter\CodeIgniter->handleRequest(null, Object(Config\Cache), false)
 4 FCPATH\index.php(79): CodeIgniter\CodeIgniter->run()
 5 SYSTEMPATH\Commands\Server\rewrite.php(47): require_once('D:\\programmer\\ciempatmonitoringenam\\public\\index.php')
WARNING - 2024-01-12 15:51:00 --> [DEPRECATED] Creation of dynamic property App\Controllers\User::$userLevelModel is deprecated in APPPATH\Controllers\User.php on line 17.
 1 SYSTEMPATH\CodeIgniter.php(891): App\Controllers\User->__construct()
 2 SYSTEMPATH\CodeIgniter.php(485): CodeIgniter\CodeIgniter->createController()
 3 SYSTEMPATH\CodeIgniter.php(353): CodeIgniter\CodeIgniter->handleRequest(null, Object(Config\Cache), false)
 4 FCPATH\index.php(79): CodeIgniter\CodeIgniter->run()
 5 SYSTEMPATH\Commands\Server\rewrite.php(47): require_once('D:\\programmer\\ciempatmonitoringenam\\public\\index.php')
WARNING - 2024-01-12 15:51:00 --> [DEPRECATED] Creation of dynamic property App\Controllers\User::$db is deprecated in APPPATH\Controllers\BaseController.php on line 55.
 1 SYSTEMPATH\CodeIgniter.php(892): App\Controllers\BaseController->initController(Object(CodeIgniter\HTTP\IncomingRequest), Object(CodeIgniter\HTTP\Response), Object(CodeIgniter\Log\Logger))
 2 SYSTEMPATH\CodeIgniter.php(485): CodeIgniter\CodeIgniter->createController()
 3 SYSTEMPATH\CodeIgniter.php(353): CodeIgniter\CodeIgniter->handleRequest(null, Object(Config\Cache), false)
 4 FCPATH\index.php(79): CodeIgniter\CodeIgniter->run()
 5 SYSTEMPATH\Commands\Server\rewrite.php(47): require_once('D:\\programmer\\ciempatmonitoringenam\\public\\index.php')
INFO - 2024-01-12 15:51:24 --> Session: Class initialized using 'CodeIgniter\Session\Handlers\FileHandler' driver.
INFO - 2024-01-12 15:51:24 --> CSRF token verified.
WARNING - 2024-01-12 15:51:24 --> [DEPRECATED] Creation of dynamic property App\Controllers\User::$departemenModel is deprecated in APPPATH\Controllers\User.php on line 16.
 1 SYSTEMPATH\CodeIgniter.php(891): App\Controllers\User->__construct()
 2 SYSTEMPATH\CodeIgniter.php(485): CodeIgniter\CodeIgniter->createController()
 3 SYSTEMPATH\CodeIgniter.php(353): CodeIgniter\CodeIgniter->handleRequest(null, Object(Config\Cache), false)
 4 FCPATH\index.php(79): CodeIgniter\CodeIgniter->run()
 5 SYSTEMPATH\Commands\Server\rewrite.php(47): require_once('D:\\programmer\\ciempatmonitoringenam\\public\\index.php')
WARNING - 2024-01-12 15:51:24 --> [DEPRECATED] Creation of dynamic property App\Controllers\User::$userLevelModel is deprecated in APPPATH\Controllers\User.php on line 17.
 1 SYSTEMPATH\CodeIgniter.php(891): App\Controllers\User->__construct()
 2 SYSTEMPATH\CodeIgniter.php(485): CodeIgniter\CodeIgniter->createController()
 3 SYSTEMPATH\CodeIgniter.php(353): CodeIgniter\CodeIgniter->handleRequest(null, Object(Config\Cache), false)
 4 FCPATH\index.php(79): CodeIgniter\CodeIgniter->run()
 5 SYSTEMPATH\Commands\Server\rewrite.php(47): require_once('D:\\programmer\\ciempatmonitoringenam\\public\\index.php')
WARNING - 2024-01-12 15:51:24 --> [DEPRECATED] Creation of dynamic property App\Controllers\User::$db is deprecated in APPPATH\Controllers\BaseController.php on line 55.
 1 SYSTEMPATH\CodeIgniter.php(892): App\Controllers\BaseController->initController(Object(CodeIgniter\HTTP\IncomingRequest), Object(CodeIgniter\HTTP\Response), Object(CodeIgniter\Log\Logger))
 2 SYSTEMPATH\CodeIgniter.php(485): CodeIgniter\CodeIgniter->createController()
 3 SYSTEMPATH\CodeIgniter.php(353): CodeIgniter\CodeIgniter->handleRequest(null, Object(Config\Cache), false)
 4 FCPATH\index.php(79): CodeIgniter\CodeIgniter->run()
 5 SYSTEMPATH\Commands\Server\rewrite.php(47): require_once('D:\\programmer\\ciempatmonitoringenam\\public\\index.php')
INFO - 2024-01-12 15:51:24 --> Session: Class initialized using 'CodeIgniter\Session\Handlers\FileHandler' driver.
WARNING - 2024-01-12 15:51:24 --> [DEPRECATED] Creation of dynamic property App\Controllers\User::$departemenModel is deprecated in APPPATH\Controllers\User.php on line 16.
 1 SYSTEMPATH\CodeIgniter.php(891): App\Controllers\User->__construct()
 2 SYSTEMPATH\CodeIgniter.php(485): CodeIgniter\CodeIgniter->createController()
 3 SYSTEMPATH\CodeIgniter.php(353): CodeIgniter\CodeIgniter->handleRequest(null, Object(Config\Cache), false)
 4 FCPATH\index.php(79): CodeIgniter\CodeIgniter->run()
 5 SYSTEMPATH\Commands\Server\rewrite.php(47): require_once('D:\\programmer\\ciempatmonitoringenam\\public\\index.php')
WARNING - 2024-01-12 15:51:24 --> [DEPRECATED] Creation of dynamic property App\Controllers\User::$userLevelModel is deprecated in APPPATH\Controllers\User.php on line 17.
 1 SYSTEMPATH\CodeIgniter.php(891): App\Controllers\User->__construct()
 2 SYSTEMPATH\CodeIgniter.php(485): CodeIgniter\CodeIgniter->createController()
 3 SYSTEMPATH\CodeIgniter.php(353): CodeIgniter\CodeIgniter->handleRequest(null, Object(Config\Cache), false)
 4 FCPATH\index.php(79): CodeIgniter\CodeIgniter->run()
 5 SYSTEMPATH\Commands\Server\rewrite.php(47): require_once('D:\\programmer\\ciempatmonitoringenam\\public\\index.php')
WARNING - 2024-01-12 15:51:24 --> [DEPRECATED] Creation of dynamic property App\Controllers\User::$db is deprecated in APPPATH\Controllers\BaseController.php on line 55.
 1 SYSTEMPATH\CodeIgniter.php(892): App\Controllers\BaseController->initController(Object(CodeIgniter\HTTP\IncomingRequest), Object(CodeIgniter\HTTP\Response), Object(CodeIgniter\Log\Logger))
 2 SYSTEMPATH\CodeIgniter.php(485): CodeIgniter\CodeIgniter->createController()
 3 SYSTEMPATH\CodeIgniter.php(353): CodeIgniter\CodeIgniter->handleRequest(null, Object(Config\Cache), false)
 4 FCPATH\index.php(79): CodeIgniter\CodeIgniter->run()
 5 SYSTEMPATH\Commands\Server\rewrite.php(47): require_once('D:\\programmer\\ciempatmonitoringenam\\public\\index.php')
INFO - 2024-01-12 15:56:02 --> Session: Class initialized using 'CodeIgniter\Session\Handlers\FileHandler' driver.
WARNING - 2024-01-12 15:56:02 --> [DEPRECATED] Creation of dynamic property App\Controllers\Homedua::$db is deprecated in APPPATH\Controllers\BaseController.php on line 55.
 1 SYSTEMPATH\CodeIgniter.php(892): App\Controllers\BaseController->initController(Object(CodeIgniter\HTTP\IncomingRequest), Object(CodeIgniter\HTTP\Response), Object(CodeIgniter\Log\Logger))
 2 SYSTEMPATH\CodeIgniter.php(485): CodeIgniter\CodeIgniter->createController()
 3 SYSTEMPATH\CodeIgniter.php(353): CodeIgniter\CodeIgniter->handleRequest(null, Object(Config\Cache), false)
 4 FCPATH\index.php(79): CodeIgniter\CodeIgniter->run()
 5 SYSTEMPATH\Commands\Server\rewrite.php(47): require_once('D:\\programmer\\ciempatmonitoringenam\\public\\index.php')
