INFO - 2024-03-08 23:06:13 --> Session: Class initialized using 'CodeIgniter\Session\Handlers\FileHandler' driver.
INFO - 2024-03-08 23:06:13 --> Session: Class initialized using 'CodeIgniter\Session\Handlers\FileHandler' driver.
INFO - 2024-03-08 23:06:31 --> CSRF token verified.
INFO - 2024-03-08 23:06:31 --> Session: Class initialized using 'CodeIgniter\Session\Handlers\FileHandler' driver.
INFO - 2024-03-08 23:06:31 --> Session: Class initialized using 'CodeIgniter\Session\Handlers\FileHandler' driver.
INFO - 2024-03-08 23:06:37 --> Session: Class initialized using 'CodeIgniter\Session\Handlers\FileHandler' driver.
INFO - 2024-03-08 23:06:37 --> Session: Class initialized using 'CodeIgniter\Session\Handlers\FileHandler' driver.
INFO - 2024-03-08 23:06:48 --> CSRF token verified.
INFO - 2024-03-08 23:06:49 --> Session: Class initialized using 'CodeIgniter\Session\Handlers\FileHandler' driver.
INFO - 2024-03-08 23:06:49 --> Session: Class initialized using 'CodeIgniter\Session\Handlers\FileHandler' driver.
INFO - 2024-03-08 23:06:53 --> Session: Class initialized using 'CodeIgniter\Session\Handlers\FileHandler' driver.
INFO - 2024-03-08 23:06:53 --> Session: Class initialized using 'CodeIgniter\Session\Handlers\FileHandler' driver.
INFO - 2024-03-08 23:07:04 --> CSRF token verified.
INFO - 2024-03-08 23:07:04 --> Session: Class initialized using 'CodeIgniter\Session\Handlers\FileHandler' driver.
INFO - 2024-03-08 23:07:04 --> Session: Class initialized using 'CodeIgniter\Session\Handlers\FileHandler' driver.
INFO - 2024-03-08 23:07:05 --> Session: Class initialized using 'CodeIgniter\Session\Handlers\FileHandler' driver.
INFO - 2024-03-08 23:07:09 --> Session: Class initialized using 'CodeIgniter\Session\Handlers\FileHandler' driver.
INFO - 2024-03-08 23:07:11 --> Session: Class initialized using 'CodeIgniter\Session\Handlers\FileHandler' driver.
INFO - 2024-03-08 23:07:14 --> Session: Class initialized using 'CodeIgniter\Session\Handlers\FileHandler' driver.
INFO - 2024-03-08 23:07:14 --> Session: Class initialized using 'CodeIgniter\Session\Handlers\FileHandler' driver.
INFO - 2024-03-08 23:07:25 --> CSRF token verified.
INFO - 2024-03-08 23:07:25 --> Session: Class initialized using 'CodeIgniter\Session\Handlers\FileHandler' driver.
INFO - 2024-03-08 23:07:26 --> Session: Class initialized using 'CodeIgniter\Session\Handlers\FileHandler' driver.
INFO - 2024-03-08 23:07:29 --> Session: Class initialized using 'CodeIgniter\Session\Handlers\FileHandler' driver.
INFO - 2024-03-08 23:07:30 --> Session: Class initialized using 'CodeIgniter\Session\Handlers\FileHandler' driver.
INFO - 2024-03-08 23:07:55 --> Session: Class initialized using 'CodeIgniter\Session\Handlers\FileHandler' driver.
INFO - 2024-03-08 23:07:58 --> Session: Class initialized using 'CodeIgniter\Session\Handlers\FileHandler' driver.
INFO - 2024-03-08 23:08:07 --> Session: Class initialized using 'CodeIgniter\Session\Handlers\FileHandler' driver.
INFO - 2024-03-08 23:17:11 --> Session: Class initialized using 'CodeIgniter\Session\Handlers\FileHandler' driver.
INFO - 2024-03-08 23:17:16 --> Session: Class initialized using 'CodeIgniter\Session\Handlers\FileHandler' driver.
INFO - 2024-03-08 23:17:16 --> Session: Class initialized using 'CodeIgniter\Session\Handlers\FileHandler' driver.
INFO - 2024-03-08 23:38:51 --> CSRF token verified.
INFO - 2024-03-08 23:38:51 --> Session: Class initialized using 'CodeIgniter\Session\Handlers\FileHandler' driver.
INFO - 2024-03-08 23:38:51 --> Session: Class initialized using 'CodeIgniter\Session\Handlers\FileHandler' driver.
INFO - 2024-03-08 23:38:53 --> Session: Class initialized using 'CodeIgniter\Session\Handlers\FileHandler' driver.
INFO - 2024-03-08 23:47:50 --> Session: Class initialized using 'CodeIgniter\Session\Handlers\FileHandler' driver.
INFO - 2024-03-08 23:47:56 --> Session: Class initialized using 'CodeIgniter\Session\Handlers\FileHandler' driver.
INFO - 2024-03-08 23:47:56 --> Session: Class initialized using 'CodeIgniter\Session\Handlers\FileHandler' driver.
INFO - 2024-03-08 23:48:03 --> CSRF token verified.
INFO - 2024-03-08 23:48:03 --> Session: Class initialized using 'CodeIgniter\Session\Handlers\FileHandler' driver.
INFO - 2024-03-08 23:48:03 --> Session: Class initialized using 'CodeIgniter\Session\Handlers\FileHandler' driver.
INFO - 2024-03-08 23:48:05 --> Session: Class initialized using 'CodeIgniter\Session\Handlers\FileHandler' driver.
INFO - 2024-03-08 23:48:07 --> Session: Class initialized using 'CodeIgniter\Session\Handlers\FileHandler' driver.
INFO - 2024-03-08 23:49:46 --> Session: Class initialized using 'CodeIgniter\Session\Handlers\FileHandler' driver.
INFO - 2024-03-08 23:49:48 --> Session: Class initialized using 'CodeIgniter\Session\Handlers\FileHandler' driver.
INFO - 2024-03-08 23:50:13 --> Session: Class initialized using 'CodeIgniter\Session\Handlers\FileHandler' driver.
ERROR - 2024-03-08 23:50:13 --> mysqli_sql_exception: Unknown column 'tgl_trx' in 'order clause' in C:\laragon\www\ciempatmonitoringenam\system\Database\MySQLi\Connection.php:306
Stack trace:
#0 C:\laragon\www\ciempatmonitoringenam\system\Database\MySQLi\Connection.php(306): mysqli->query('SELECT smr_nim_...', 0)
#1 C:\laragon\www\ciempatmonitoringenam\system\Database\BaseConnection.php(692): CodeIgniter\Database\MySQLi\Connection->execute('SELECT smr_nim_...')
#2 C:\laragon\www\ciempatmonitoringenam\system\Database\BaseConnection.php(606): CodeIgniter\Database\BaseConnection->simpleQuery('SELECT smr_nim_...')
#3 C:\laragon\www\ciempatmonitoringenam\app\Models\RuanganModel.php(69): CodeIgniter\Database\BaseConnection->query('SELECT smr_nim_...')
#4 C:\laragon\www\ciempatmonitoringenam\app\Controllers\Ruangan.php(92): App\Models\RuanganModel->semuaRuanganTerpakai()
#5 C:\laragon\www\ciempatmonitoringenam\system\CodeIgniter.php(919): App\Controllers\Ruangan->daftar_ruangan_terpakai()
#6 C:\laragon\www\ciempatmonitoringenam\system\CodeIgniter.php(494): CodeIgniter\CodeIgniter->runController(Object(App\Controllers\Ruangan))
#7 C:\laragon\www\ciempatmonitoringenam\system\CodeIgniter.php(353): CodeIgniter\CodeIgniter->handleRequest(NULL, Object(Config\Cache), false)
#8 C:\laragon\www\ciempatmonitoringenam\public\index.php(79): CodeIgniter\CodeIgniter->run()
#9 C:\laragon\www\ciempatmonitoringenam\system\Commands\Server\rewrite.php(47): require_once('C:\\laragon\\www\\...')
#10 {main}
CRITICAL - 2024-03-08 23:50:13 --> Unknown column 'tgl_trx' in 'order clause'
in SYSTEMPATH\Database\BaseConnection.php on line 646.
 1 APPPATH\Models\RuanganModel.php(69): CodeIgniter\Database\BaseConnection->query('SELECT smr_nim_m, smr_hari, hari.hari_nama as nama_hari, smr_tanggal, smr_sesi, seminar_sesi.jam_alias as nama_sesi, smr_ruangan, seminar_ruangan.ruangan_alias as nama_ruangan, "seminar" AS jenis_pemakaian
            FROM seminar
            INNER JOIN hari ON seminar.smr_hari = hari.hari_id
            INNER JOIN seminar_sesi ON seminar.smr_sesi = seminar_sesi.seminar_s_id
            INNER JOIN seminar_ruangan ON seminar.smr_ruangan = seminar_ruangan.seminar_r_id
            WHERE smr_status = 5
            UNION ALL 
            SELECT us_nim_m, us_hari, hari.hari_nama as nama_hari, us_tanggal, us_sesi, seminar_sesi.jam_alias as nama_sesi, us_ruangan, seminar_ruangan.ruangan_alias as nama_ruangan, "ujian_skripsi" AS jenis_pemakaian
            FROM ujian_skripsi 
            INNER JOIN hari ON ujian_skripsi.us_hari = hari.hari_id
            INNER JOIN seminar_sesi ON ujian_skripsi.us_sesi = seminar_sesi.seminar_s_id
            INNER JOIN seminar_ruangan ON ujian_skripsi.us_ruangan = seminar_ruangan.seminar_r_id
            WHERE us_status = 5
            ORDER BY tgl_trx')
 2 APPPATH\Controllers\Ruangan.php(92): App\Models\RuanganModel->semuaRuanganTerpakai()
 3 SYSTEMPATH\CodeIgniter.php(919): App\Controllers\Ruangan->daftar_ruangan_terpakai()
 4 SYSTEMPATH\CodeIgniter.php(494): CodeIgniter\CodeIgniter->runController(Object(App\Controllers\Ruangan))
 5 SYSTEMPATH\CodeIgniter.php(353): CodeIgniter\CodeIgniter->handleRequest(null, Object(Config\Cache), false)
 6 FCPATH\index.php(79): CodeIgniter\CodeIgniter->run()
 7 SYSTEMPATH\Commands\Server\rewrite.php(47): require_once('C:\\laragon\\www\\ciempatmonitoringenam\\public\\index.php')
INFO - 2024-03-08 23:50:29 --> Session: Class initialized using 'CodeIgniter\Session\Handlers\FileHandler' driver.
INFO - 2024-03-08 23:51:47 --> Session: Class initialized using 'CodeIgniter\Session\Handlers\FileHandler' driver.
INFO - 2024-03-08 23:57:31 --> Session: Class initialized using 'CodeIgniter\Session\Handlers\FileHandler' driver.
INFO - 2024-03-08 23:57:32 --> Session: Class initialized using 'CodeIgniter\Session\Handlers\FileHandler' driver.
INFO - 2024-03-08 23:57:55 --> Session: Class initialized using 'CodeIgniter\Session\Handlers\FileHandler' driver.
