INFO - 2023-10-19 02:21:18 --> Session: Class initialized using 'CodeIgniter\Session\Handlers\FileHandler' driver.
CRITICAL - 2023-10-19 02:22:04 --> Trying to access array offset on value of type null
in APPPATH\Views\skripsi\v_edit_skripsi.php on line 16.
 1 APPPATH\Views\skripsi\v_edit_skripsi.php(16): CodeIgniter\Debug\Exceptions->errorHandler(2, 'Trying to access array offset on value of type null', 'D:\\programmer\\ciempatmonitoring\\app\\Views\\skripsi\\v_edit_skripsi.php', 16)
 2 SYSTEMPATH\View\View.php(226): include('D:\\programmer\\ciempatmonitoring\\app\\Views\\skripsi\\v_edit_skripsi.php')
 3 SYSTEMPATH\View\View.php(229): CodeIgniter\View\View->CodeIgniter\View\{closure}()
 4 SYSTEMPATH\Common.php(1188): CodeIgniter\View\View->render('skripsi/v_edit_skripsi', [], true)
 5 APPPATH\Controllers\Skripsi.php(60): view('skripsi/v_edit_skripsi', [...])
 6 SYSTEMPATH\CodeIgniter.php(919): App\Controllers\Skripsi->edit_skripsi('20')
 7 SYSTEMPATH\CodeIgniter.php(494): CodeIgniter\CodeIgniter->runController(Object(App\Controllers\Skripsi))
 8 SYSTEMPATH\CodeIgniter.php(353): CodeIgniter\CodeIgniter->handleRequest(null, Object(Config\Cache), false)
 9 FCPATH\index.php(79): CodeIgniter\CodeIgniter->run()
10 SYSTEMPATH\Commands\Server\rewrite.php(47): require_once('D:\\programmer\\ciempatmonitoring\\public\\index.php')
CRITICAL - 2023-10-19 02:22:10 --> Too few arguments to function App\Controllers\Skripsi::edit_skripsi(), 0 passed in D:\programmer\ciempatmonitoring\system\CodeIgniter.php on line 919 and exactly 1 expected
in APPPATH\Controllers\Skripsi.php on line 54.
 1 SYSTEMPATH\CodeIgniter.php(919): App\Controllers\Skripsi->edit_skripsi()
 2 SYSTEMPATH\CodeIgniter.php(494): CodeIgniter\CodeIgniter->runController(Object(App\Controllers\Skripsi))
 3 SYSTEMPATH\CodeIgniter.php(353): CodeIgniter\CodeIgniter->handleRequest(null, Object(Config\Cache), false)
 4 FCPATH\index.php(79): CodeIgniter\CodeIgniter->run()
 5 SYSTEMPATH\Commands\Server\rewrite.php(47): require_once('D:\\programmer\\ciempatmonitoring\\public\\index.php')
CRITICAL - 2023-10-19 02:22:26 --> Trying to access array offset on value of type null
in APPPATH\Views\skripsi\v_edit_skripsi.php on line 16.
 1 APPPATH\Views\skripsi\v_edit_skripsi.php(16): CodeIgniter\Debug\Exceptions->errorHandler(2, 'Trying to access array offset on value of type null', 'D:\\programmer\\ciempatmonitoring\\app\\Views\\skripsi\\v_edit_skripsi.php', 16)
 2 SYSTEMPATH\View\View.php(226): include('D:\\programmer\\ciempatmonitoring\\app\\Views\\skripsi\\v_edit_skripsi.php')
 3 SYSTEMPATH\View\View.php(229): CodeIgniter\View\View->CodeIgniter\View\{closure}()
 4 SYSTEMPATH\Common.php(1188): CodeIgniter\View\View->render('skripsi/v_edit_skripsi', [], true)
 5 APPPATH\Controllers\Skripsi.php(60): view('skripsi/v_edit_skripsi', [...])
 6 SYSTEMPATH\CodeIgniter.php(919): App\Controllers\Skripsi->edit_skripsi('33')
 7 SYSTEMPATH\CodeIgniter.php(494): CodeIgniter\CodeIgniter->runController(Object(App\Controllers\Skripsi))
 8 SYSTEMPATH\CodeIgniter.php(353): CodeIgniter\CodeIgniter->handleRequest(null, Object(Config\Cache), false)
 9 FCPATH\index.php(79): CodeIgniter\CodeIgniter->run()
10 SYSTEMPATH\Commands\Server\rewrite.php(47): require_once('D:\\programmer\\ciempatmonitoring\\public\\index.php')
CRITICAL - 2023-10-19 02:22:46 --> Too few arguments to function App\Controllers\Skripsi::edit_skripsi(), 0 passed in D:\programmer\ciempatmonitoring\system\CodeIgniter.php on line 919 and exactly 1 expected
in APPPATH\Controllers\Skripsi.php on line 54.
 1 SYSTEMPATH\CodeIgniter.php(919): App\Controllers\Skripsi->edit_skripsi()
 2 SYSTEMPATH\CodeIgniter.php(494): CodeIgniter\CodeIgniter->runController(Object(App\Controllers\Skripsi))
 3 SYSTEMPATH\CodeIgniter.php(353): CodeIgniter\CodeIgniter->handleRequest(null, Object(Config\Cache), false)
 4 FCPATH\index.php(79): CodeIgniter\CodeIgniter->run()
 5 SYSTEMPATH\Commands\Server\rewrite.php(47): require_once('D:\\programmer\\ciempatmonitoring\\public\\index.php')
CRITICAL - 2023-10-19 02:23:02 --> Too few arguments to function App\Controllers\Skripsi::edit_skripsi(), 0 passed in D:\programmer\ciempatmonitoring\system\CodeIgniter.php on line 919 and exactly 1 expected
in APPPATH\Controllers\Skripsi.php on line 54.
 1 SYSTEMPATH\CodeIgniter.php(919): App\Controllers\Skripsi->edit_skripsi()
 2 SYSTEMPATH\CodeIgniter.php(494): CodeIgniter\CodeIgniter->runController(Object(App\Controllers\Skripsi))
 3 SYSTEMPATH\CodeIgniter.php(353): CodeIgniter\CodeIgniter->handleRequest(null, Object(Config\Cache), false)
 4 FCPATH\index.php(79): CodeIgniter\CodeIgniter->run()
 5 SYSTEMPATH\Commands\Server\rewrite.php(47): require_once('D:\\programmer\\ciempatmonitoring\\public\\index.php')
CRITICAL - 2023-10-19 02:23:03 --> Too few arguments to function App\Controllers\Skripsi::edit_skripsi(), 0 passed in D:\programmer\ciempatmonitoring\system\CodeIgniter.php on line 919 and exactly 1 expected
in APPPATH\Controllers\Skripsi.php on line 54.
 1 SYSTEMPATH\CodeIgniter.php(919): App\Controllers\Skripsi->edit_skripsi()
 2 SYSTEMPATH\CodeIgniter.php(494): CodeIgniter\CodeIgniter->runController(Object(App\Controllers\Skripsi))
 3 SYSTEMPATH\CodeIgniter.php(353): CodeIgniter\CodeIgniter->handleRequest(null, Object(Config\Cache), false)
 4 FCPATH\index.php(79): CodeIgniter\CodeIgniter->run()
 5 SYSTEMPATH\Commands\Server\rewrite.php(47): require_once('D:\\programmer\\ciempatmonitoring\\public\\index.php')
CRITICAL - 2023-10-19 02:23:14 --> Too few arguments to function App\Controllers\Skripsi::edit_skripsi(), 0 passed in D:\programmer\ciempatmonitoring\system\CodeIgniter.php on line 919 and exactly 1 expected
in APPPATH\Controllers\Skripsi.php on line 54.
 1 SYSTEMPATH\CodeIgniter.php(919): App\Controllers\Skripsi->edit_skripsi()
 2 SYSTEMPATH\CodeIgniter.php(494): CodeIgniter\CodeIgniter->runController(Object(App\Controllers\Skripsi))
 3 SYSTEMPATH\CodeIgniter.php(353): CodeIgniter\CodeIgniter->handleRequest(null, Object(Config\Cache), false)
 4 FCPATH\index.php(79): CodeIgniter\CodeIgniter->run()
 5 SYSTEMPATH\Commands\Server\rewrite.php(47): require_once('D:\\programmer\\ciempatmonitoring\\public\\index.php')
CRITICAL - 2023-10-19 02:23:33 --> Trying to access array offset on value of type null
in APPPATH\Views\skripsi\v_edit_skripsi.php on line 16.
 1 APPPATH\Views\skripsi\v_edit_skripsi.php(16): CodeIgniter\Debug\Exceptions->errorHandler(2, 'Trying to access array offset on value of type null', 'D:\\programmer\\ciempatmonitoring\\app\\Views\\skripsi\\v_edit_skripsi.php', 16)
 2 SYSTEMPATH\View\View.php(226): include('D:\\programmer\\ciempatmonitoring\\app\\Views\\skripsi\\v_edit_skripsi.php')
 3 SYSTEMPATH\View\View.php(229): CodeIgniter\View\View->CodeIgniter\View\{closure}()
 4 SYSTEMPATH\Common.php(1188): CodeIgniter\View\View->render('skripsi/v_edit_skripsi', [], true)
 5 APPPATH\Controllers\Skripsi.php(61): view('skripsi/v_edit_skripsi', [...])
 6 SYSTEMPATH\CodeIgniter.php(919): App\Controllers\Skripsi->edit_skripsi('33')
 7 SYSTEMPATH\CodeIgniter.php(494): CodeIgniter\CodeIgniter->runController(Object(App\Controllers\Skripsi))
 8 SYSTEMPATH\CodeIgniter.php(353): CodeIgniter\CodeIgniter->handleRequest(null, Object(Config\Cache), false)
 9 FCPATH\index.php(79): CodeIgniter\CodeIgniter->run()
10 SYSTEMPATH\Commands\Server\rewrite.php(47): require_once('D:\\programmer\\ciempatmonitoring\\public\\index.php')
INFO - 2023-10-19 02:27:31 --> CSRF token verified.
INFO - 2023-10-19 02:27:31 --> Session: Class initialized using 'CodeIgniter\Session\Handlers\FileHandler' driver.
INFO - 2023-10-19 02:27:54 --> CSRF token verified.
INFO - 2023-10-19 02:27:54 --> Session: Class initialized using 'CodeIgniter\Session\Handlers\FileHandler' driver.
INFO - 2023-10-19 07:30:25 --> Session: Class initialized using 'CodeIgniter\Session\Handlers\FileHandler' driver.
CRITICAL - 2023-10-19 14:05:27 --> The action you requested is not allowed.
in SYSTEMPATH\Security\Security.php on line 298.
 1 SYSTEMPATH\Security\Security.php(298): CodeIgniter\Security\Exceptions\SecurityException::forDisallowedAction()
 2 SYSTEMPATH\Filters\CSRF.php(55): CodeIgniter\Security\Security->verify(Object(CodeIgniter\HTTP\IncomingRequest))
 3 SYSTEMPATH\Filters\Filters.php(180): CodeIgniter\Filters\CSRF->before(Object(CodeIgniter\HTTP\IncomingRequest), null)
 4 SYSTEMPATH\CodeIgniter.php(466): CodeIgniter\Filters\Filters->run('auth/loginProcess', 'before')
 5 SYSTEMPATH\CodeIgniter.php(353): CodeIgniter\CodeIgniter->handleRequest(null, Object(Config\Cache), false)
 6 FCPATH\index.php(79): CodeIgniter\CodeIgniter->run()
 7 SYSTEMPATH\Commands\Server\rewrite.php(47): require_once('D:\\programmer\\ciempatmonitoring\\public\\index.php')
CRITICAL - 2023-10-19 14:06:03 --> The action you requested is not allowed.
in SYSTEMPATH\Security\Security.php on line 298.
 1 SYSTEMPATH\Security\Security.php(298): CodeIgniter\Security\Exceptions\SecurityException::forDisallowedAction()
 2 SYSTEMPATH\Filters\CSRF.php(55): CodeIgniter\Security\Security->verify(Object(CodeIgniter\HTTP\IncomingRequest))
 3 SYSTEMPATH\Filters\Filters.php(180): CodeIgniter\Filters\CSRF->before(Object(CodeIgniter\HTTP\IncomingRequest), null)
 4 SYSTEMPATH\CodeIgniter.php(466): CodeIgniter\Filters\Filters->run('auth/loginProcess', 'before')
 5 SYSTEMPATH\CodeIgniter.php(353): CodeIgniter\CodeIgniter->handleRequest(null, Object(Config\Cache), false)
 6 FCPATH\index.php(79): CodeIgniter\CodeIgniter->run()
 7 SYSTEMPATH\Commands\Server\rewrite.php(47): require_once('D:\\programmer\\ciempatmonitoring\\public\\index.php')
CRITICAL - 2023-10-19 14:07:06 --> The action you requested is not allowed.
in SYSTEMPATH\Security\Security.php on line 298.
 1 SYSTEMPATH\Security\Security.php(298): CodeIgniter\Security\Exceptions\SecurityException::forDisallowedAction()
 2 SYSTEMPATH\Filters\CSRF.php(55): CodeIgniter\Security\Security->verify(Object(CodeIgniter\HTTP\IncomingRequest))
 3 SYSTEMPATH\Filters\Filters.php(180): CodeIgniter\Filters\CSRF->before(Object(CodeIgniter\HTTP\IncomingRequest), null)
 4 SYSTEMPATH\CodeIgniter.php(466): CodeIgniter\Filters\Filters->run('auth/loginProcess', 'before')
 5 SYSTEMPATH\CodeIgniter.php(353): CodeIgniter\CodeIgniter->handleRequest(null, Object(Config\Cache), false)
 6 FCPATH\index.php(79): CodeIgniter\CodeIgniter->run()
 7 SYSTEMPATH\Commands\Server\rewrite.php(47): require_once('D:\\programmer\\ciempatmonitoring\\public\\index.php')
CRITICAL - 2023-10-19 14:08:27 --> The action you requested is not allowed.
in SYSTEMPATH\Security\Security.php on line 298.
 1 SYSTEMPATH\Security\Security.php(298): CodeIgniter\Security\Exceptions\SecurityException::forDisallowedAction()
 2 SYSTEMPATH\Filters\CSRF.php(55): CodeIgniter\Security\Security->verify(Object(CodeIgniter\HTTP\IncomingRequest))
 3 SYSTEMPATH\Filters\Filters.php(180): CodeIgniter\Filters\CSRF->before(Object(CodeIgniter\HTTP\IncomingRequest), null)
 4 SYSTEMPATH\CodeIgniter.php(466): CodeIgniter\Filters\Filters->run('auth/loginProcess', 'before')
 5 SYSTEMPATH\CodeIgniter.php(353): CodeIgniter\CodeIgniter->handleRequest(null, Object(Config\Cache), false)
 6 FCPATH\index.php(79): CodeIgniter\CodeIgniter->run()
 7 SYSTEMPATH\Commands\Server\rewrite.php(47): require_once('D:\\programmer\\ciempatmonitoring\\public\\index.php')
INFO - 2023-10-19 14:08:34 --> CSRF token verified.
INFO - 2023-10-19 15:19:28 --> CSRF token verified.
INFO - 2023-10-19 15:20:26 --> CSRF token verified.
INFO - 2023-10-19 15:47:36 --> CSRF token verified.
INFO - 2023-10-19 15:47:37 --> Session: Class initialized using 'CodeIgniter\Session\Handlers\FileHandler' driver.
INFO - 2023-10-19 15:48:04 --> CSRF token verified.
INFO - 2023-10-19 15:48:04 --> Session: Class initialized using 'CodeIgniter\Session\Handlers\FileHandler' driver.
INFO - 2023-10-19 15:48:22 --> CSRF token verified.
INFO - 2023-10-19 15:48:44 --> CSRF token verified.
INFO - 2023-10-19 15:48:44 --> Session: Class initialized using 'CodeIgniter\Session\Handlers\FileHandler' driver.
INFO - 2023-10-19 15:49:00 --> CSRF token verified.
INFO - 2023-10-19 15:49:00 --> Session: Class initialized using 'CodeIgniter\Session\Handlers\FileHandler' driver.
INFO - 2023-10-19 15:49:21 --> CSRF token verified.
INFO - 2023-10-19 15:49:21 --> Session: Class initialized using 'CodeIgniter\Session\Handlers\FileHandler' driver.
