CRITICAL - 2023-10-15 02:31:30 --> Undefined variable $page
in APPPATH\Views\v_template.php on line 279.
 1 APPPATH\Views\v_template.php(279): CodeIgniter\Debug\Exceptions->errorHandler(2, 'Undefined variable $page', 'D:\\programmer\\ciempatmonitoring\\app\\Views\\v_template.php', 279)
 2 SYSTEMPATH\View\View.php(226): include('D:\\programmer\\ciempatmonitoring\\app\\Views\\v_template.php')
 3 SYSTEMPATH\View\View.php(229): CodeIgniter\View\View->CodeIgniter\View\{closure}()
 4 SYSTEMPATH\Common.php(1188): CodeIgniter\View\View->render('v_template', [], true)
 5 APPPATH\Controllers\Home.php(13): view('v_template')
 6 SYSTEMPATH\CodeIgniter.php(919): App\Controllers\Home->index()
 7 SYSTEMPATH\CodeIgniter.php(494): CodeIgniter\CodeIgniter->runController(Object(App\Controllers\Home))
 8 SYSTEMPATH\CodeIgniter.php(353): CodeIgniter\CodeIgniter->handleRequest(null, Object(Config\Cache), false)
 9 FCPATH\index.php(79): CodeIgniter\CodeIgniter->run()
10 SYSTEMPATH\Commands\Server\rewrite.php(47): require_once('D:\\programmer\\ciempatmonitoring\\public\\index.php')
CRITICAL - 2023-10-15 03:47:31 --> Undefined variable $page
in APPPATH\Views\v_template.php on line 280.
 1 APPPATH\Views\v_template.php(280): CodeIgniter\Debug\Exceptions->errorHandler(2, 'Undefined variable $page', 'D:\\programmer\\ciempatmonitoring\\app\\Views\\v_template.php', 280)
 2 SYSTEMPATH\View\View.php(226): include('D:\\programmer\\ciempatmonitoring\\app\\Views\\v_template.php')
 3 SYSTEMPATH\View\View.php(229): CodeIgniter\View\View->CodeIgniter\View\{closure}()
 4 SYSTEMPATH\Common.php(1188): CodeIgniter\View\View->render('v_template', [], true)
 5 APPPATH\Controllers\Homedua.php(12): view('v_template', [...])
 6 SYSTEMPATH\CodeIgniter.php(919): App\Controllers\Homedua->index()
 7 SYSTEMPATH\CodeIgniter.php(494): CodeIgniter\CodeIgniter->runController(Object(App\Controllers\Homedua))
 8 SYSTEMPATH\CodeIgniter.php(353): CodeIgniter\CodeIgniter->handleRequest(null, Object(Config\Cache), false)
 9 FCPATH\index.php(79): CodeIgniter\CodeIgniter->run()
10 SYSTEMPATH\Commands\Server\rewrite.php(47): require_once('D:\\programmer\\ciempatmonitoring\\public\\index.php')
CRITICAL - 2023-10-15 07:19:09 --> Invalid file: "v_skripsi.php"
in SYSTEMPATH\Exceptions\FrameworkException.php on line 39.
 1 SYSTEMPATH\View\View.php(214): CodeIgniter\Exceptions\FrameworkException::forInvalidFile('v_skripsi.php')
 2 SYSTEMPATH\Common.php(1188): CodeIgniter\View\View->render('v_skripsi', [], true)
 3 APPPATH\Views\v_template.php(281): view('v_skripsi')
 4 SYSTEMPATH\View\View.php(226): include('D:\\programmer\\ciempatmonitoring\\app\\Views\\v_template.php')
 5 SYSTEMPATH\View\View.php(229): CodeIgniter\View\View->CodeIgniter\View\{closure}()
 6 SYSTEMPATH\Common.php(1188): CodeIgniter\View\View->render('v_template', [], true)
 7 APPPATH\Controllers\Skripsi.php(20): view('v_template', [...])
 8 SYSTEMPATH\CodeIgniter.php(919): App\Controllers\Skripsi->index()
 9 SYSTEMPATH\CodeIgniter.php(494): CodeIgniter\CodeIgniter->runController(Object(App\Controllers\Skripsi))
10 SYSTEMPATH\CodeIgniter.php(353): CodeIgniter\CodeIgniter->handleRequest(null, Object(Config\Cache), false)
11 FCPATH\index.php(79): CodeIgniter\CodeIgniter->run()
12 SYSTEMPATH\Commands\Server\rewrite.php(47): require_once('D:\\programmer\\ciempatmonitoring\\public\\index.php')
CRITICAL - 2023-10-15 07:19:16 --> Invalid file: "v_skripsi.php"
in SYSTEMPATH\Exceptions\FrameworkException.php on line 39.
 1 SYSTEMPATH\View\View.php(214): CodeIgniter\Exceptions\FrameworkException::forInvalidFile('v_skripsi.php')
 2 SYSTEMPATH\Common.php(1188): CodeIgniter\View\View->render('v_skripsi', [], true)
 3 APPPATH\Views\v_template.php(281): view('v_skripsi')
 4 SYSTEMPATH\View\View.php(226): include('D:\\programmer\\ciempatmonitoring\\app\\Views\\v_template.php')
 5 SYSTEMPATH\View\View.php(229): CodeIgniter\View\View->CodeIgniter\View\{closure}()
 6 SYSTEMPATH\Common.php(1188): CodeIgniter\View\View->render('v_template', [], true)
 7 APPPATH\Controllers\Skripsi.php(20): view('v_template', [...])
 8 SYSTEMPATH\CodeIgniter.php(919): App\Controllers\Skripsi->index()
 9 SYSTEMPATH\CodeIgniter.php(494): CodeIgniter\CodeIgniter->runController(Object(App\Controllers\Skripsi))
10 SYSTEMPATH\CodeIgniter.php(353): CodeIgniter\CodeIgniter->handleRequest(null, Object(Config\Cache), false)
11 FCPATH\index.php(79): CodeIgniter\CodeIgniter->run()
12 SYSTEMPATH\Commands\Server\rewrite.php(47): require_once('D:\\programmer\\ciempatmonitoring\\public\\index.php')
CRITICAL - 2023-10-15 07:31:19 --> Invalid file: "v_skripsi.php"
in SYSTEMPATH\Exceptions\FrameworkException.php on line 39.
 1 SYSTEMPATH\View\View.php(214): CodeIgniter\Exceptions\FrameworkException::forInvalidFile('v_skripsi.php')
 2 SYSTEMPATH\Common.php(1188): CodeIgniter\View\View->render('v_skripsi', [], true)
 3 APPPATH\Views\v_template.php(281): view('v_skripsi')
 4 SYSTEMPATH\View\View.php(226): include('D:\\programmer\\ciempatmonitoring\\app\\Views\\v_template.php')
 5 SYSTEMPATH\View\View.php(229): CodeIgniter\View\View->CodeIgniter\View\{closure}()
 6 SYSTEMPATH\Common.php(1188): CodeIgniter\View\View->render('v_template', [], true)
 7 APPPATH\Controllers\Skripsi.php(20): view('v_template', [...])
 8 SYSTEMPATH\CodeIgniter.php(919): App\Controllers\Skripsi->index()
 9 SYSTEMPATH\CodeIgniter.php(494): CodeIgniter\CodeIgniter->runController(Object(App\Controllers\Skripsi))
10 SYSTEMPATH\CodeIgniter.php(353): CodeIgniter\CodeIgniter->handleRequest(null, Object(Config\Cache), false)
11 FCPATH\index.php(79): CodeIgniter\CodeIgniter->run()
12 SYSTEMPATH\Commands\Server\rewrite.php(47): require_once('D:\\programmer\\ciempatmonitoring\\public\\index.php')
CRITICAL - 2023-10-15 07:31:20 --> Invalid file: "v_skripsi.php"
in SYSTEMPATH\Exceptions\FrameworkException.php on line 39.
 1 SYSTEMPATH\View\View.php(214): CodeIgniter\Exceptions\FrameworkException::forInvalidFile('v_skripsi.php')
 2 SYSTEMPATH\Common.php(1188): CodeIgniter\View\View->render('v_skripsi', [], true)
 3 APPPATH\Views\v_template.php(281): view('v_skripsi')
 4 SYSTEMPATH\View\View.php(226): include('D:\\programmer\\ciempatmonitoring\\app\\Views\\v_template.php')
 5 SYSTEMPATH\View\View.php(229): CodeIgniter\View\View->CodeIgniter\View\{closure}()
 6 SYSTEMPATH\Common.php(1188): CodeIgniter\View\View->render('v_template', [], true)
 7 APPPATH\Controllers\Skripsi.php(20): view('v_template', [...])
 8 SYSTEMPATH\CodeIgniter.php(919): App\Controllers\Skripsi->index()
 9 SYSTEMPATH\CodeIgniter.php(494): CodeIgniter\CodeIgniter->runController(Object(App\Controllers\Skripsi))
10 SYSTEMPATH\CodeIgniter.php(353): CodeIgniter\CodeIgniter->handleRequest(null, Object(Config\Cache), false)
11 FCPATH\index.php(79): CodeIgniter\CodeIgniter->run()
12 SYSTEMPATH\Commands\Server\rewrite.php(47): require_once('D:\\programmer\\ciempatmonitoring\\public\\index.php')
CRITICAL - 2023-10-15 07:31:25 --> Invalid file: "v_skripsi.php"
in SYSTEMPATH\Exceptions\FrameworkException.php on line 39.
 1 SYSTEMPATH\View\View.php(214): CodeIgniter\Exceptions\FrameworkException::forInvalidFile('v_skripsi.php')
 2 SYSTEMPATH\Common.php(1188): CodeIgniter\View\View->render('v_skripsi', [], true)
 3 APPPATH\Views\v_template.php(281): view('v_skripsi')
 4 SYSTEMPATH\View\View.php(226): include('D:\\programmer\\ciempatmonitoring\\app\\Views\\v_template.php')
 5 SYSTEMPATH\View\View.php(229): CodeIgniter\View\View->CodeIgniter\View\{closure}()
 6 SYSTEMPATH\Common.php(1188): CodeIgniter\View\View->render('v_template', [], true)
 7 APPPATH\Controllers\Skripsi.php(20): view('v_template', [...])
 8 SYSTEMPATH\CodeIgniter.php(919): App\Controllers\Skripsi->index()
 9 SYSTEMPATH\CodeIgniter.php(494): CodeIgniter\CodeIgniter->runController(Object(App\Controllers\Skripsi))
10 SYSTEMPATH\CodeIgniter.php(353): CodeIgniter\CodeIgniter->handleRequest(null, Object(Config\Cache), false)
11 FCPATH\index.php(79): CodeIgniter\CodeIgniter->run()
12 SYSTEMPATH\Commands\Server\rewrite.php(47): require_once('D:\\programmer\\ciempatmonitoring\\public\\index.php')
CRITICAL - 2023-10-15 07:44:23 --> Allowed memory size of 536870912 bytes exhausted (tried to allocate 24576 bytes)
in APPPATH\Views\pages\v_skripsi.php on line 3.
 1 [internal function]: CodeIgniter\Debug\Exceptions->shutdownHandler()
CRITICAL - 2023-10-15 07:44:28 --> Allowed memory size of 536870912 bytes exhausted (tried to allocate 24576 bytes)
in APPPATH\Views\pages\v_skripsi.php on line 3.
 1 [internal function]: CodeIgniter\Debug\Exceptions->shutdownHandler()
CRITICAL - 2023-10-15 07:54:55 --> Undefined variable $page
in APPPATH\Views\v_template.php on line 280.
 1 APPPATH\Views\v_template.php(280): CodeIgniter\Debug\Exceptions->errorHandler(2, 'Undefined variable $page', 'D:\\programmer\\ciempatmonitoring\\app\\Views\\v_template.php', 280)
 2 SYSTEMPATH\View\View.php(226): include('D:\\programmer\\ciempatmonitoring\\app\\Views\\v_template.php')
 3 SYSTEMPATH\View\View.php(229): CodeIgniter\View\View->CodeIgniter\View\{closure}()
 4 SYSTEMPATH\Common.php(1188): CodeIgniter\View\View->render('v_template', [], true)
 5 APPPATH\Controllers\Skripsi.php(19): view('v_template', [...])
 6 SYSTEMPATH\CodeIgniter.php(919): App\Controllers\Skripsi->index()
 7 SYSTEMPATH\CodeIgniter.php(494): CodeIgniter\CodeIgniter->runController(Object(App\Controllers\Skripsi))
 8 SYSTEMPATH\CodeIgniter.php(353): CodeIgniter\CodeIgniter->handleRequest(null, Object(Config\Cache), false)
 9 FCPATH\index.php(79): CodeIgniter\CodeIgniter->run()
10 SYSTEMPATH\Commands\Server\rewrite.php(47): require_once('D:\\programmer\\ciempatmonitoring\\public\\index.php')
CRITICAL - 2023-10-15 07:55:40 --> Invalid file: "pages/v_skrips.php"
in SYSTEMPATH\Exceptions\FrameworkException.php on line 39.
 1 SYSTEMPATH\View\View.php(214): CodeIgniter\Exceptions\FrameworkException::forInvalidFile('pages/v_skrips.php')
 2 SYSTEMPATH\Common.php(1188): CodeIgniter\View\View->render('pages/v_skrips', [], true)
 3 APPPATH\Controllers\Skripsi.php(19): view('pages/v_skrips', [...])
 4 SYSTEMPATH\CodeIgniter.php(919): App\Controllers\Skripsi->index()
 5 SYSTEMPATH\CodeIgniter.php(494): CodeIgniter\CodeIgniter->runController(Object(App\Controllers\Skripsi))
 6 SYSTEMPATH\CodeIgniter.php(353): CodeIgniter\CodeIgniter->handleRequest(null, Object(Config\Cache), false)
 7 FCPATH\index.php(79): CodeIgniter\CodeIgniter->run()
 8 SYSTEMPATH\Commands\Server\rewrite.php(47): require_once('D:\\programmer\\ciempatmonitoring\\public\\index.php')
CRITICAL - 2023-10-15 07:55:41 --> Invalid file: "pages/v_skrips.php"
in SYSTEMPATH\Exceptions\FrameworkException.php on line 39.
 1 SYSTEMPATH\View\View.php(214): CodeIgniter\Exceptions\FrameworkException::forInvalidFile('pages/v_skrips.php')
 2 SYSTEMPATH\Common.php(1188): CodeIgniter\View\View->render('pages/v_skrips', [], true)
 3 APPPATH\Controllers\Skripsi.php(19): view('pages/v_skrips', [...])
 4 SYSTEMPATH\CodeIgniter.php(919): App\Controllers\Skripsi->index()
 5 SYSTEMPATH\CodeIgniter.php(494): CodeIgniter\CodeIgniter->runController(Object(App\Controllers\Skripsi))
 6 SYSTEMPATH\CodeIgniter.php(353): CodeIgniter\CodeIgniter->handleRequest(null, Object(Config\Cache), false)
 7 FCPATH\index.php(79): CodeIgniter\CodeIgniter->run()
 8 SYSTEMPATH\Commands\Server\rewrite.php(47): require_once('D:\\programmer\\ciempatmonitoring\\public\\index.php')
ERROR - 2023-10-15 22:56:20 --> Error connecting to the database: mysqli_sql_exception: No connection could be made because the target machine actively refused it in D:\programmer\ciempatmonitoring\system\Database\MySQLi\Connection.php:184
Stack trace:
#0 D:\programmer\ciempatmonitoring\system\Database\MySQLi\Connection.php(184): mysqli->real_connect('localhost', 'root', Object(SensitiveParameterValue), 'monitoring_maha...', 3306, '', 0)
#1 D:\programmer\ciempatmonitoring\system\Database\BaseConnection.php(391): CodeIgniter\Database\MySQLi\Connection->connect(false)
#2 D:\programmer\ciempatmonitoring\system\Database\BaseConnection.php(574): CodeIgniter\Database\BaseConnection->initialize()
#3 D:\programmer\ciempatmonitoring\system\Database\BaseBuilder.php(1615): CodeIgniter\Database\BaseConnection->query('SELECT *\nFROM `...', Array, false)
#4 D:\programmer\ciempatmonitoring\system\Model.php(237): CodeIgniter\Database\BaseBuilder->get()
#5 D:\programmer\ciempatmonitoring\system\BaseModel.php(624): CodeIgniter\Model->doFindAll(0, 0)
#6 D:\programmer\ciempatmonitoring\app\Controllers\Skripsi.php(18): CodeIgniter\BaseModel->findAll()
#7 D:\programmer\ciempatmonitoring\system\CodeIgniter.php(919): App\Controllers\Skripsi->index()
#8 D:\programmer\ciempatmonitoring\system\CodeIgniter.php(494): CodeIgniter\CodeIgniter->runController(Object(App\Controllers\Skripsi))
#9 D:\programmer\ciempatmonitoring\system\CodeIgniter.php(353): CodeIgniter\CodeIgniter->handleRequest(NULL, Object(Config\Cache), false)
#10 D:\programmer\ciempatmonitoring\public\index.php(79): CodeIgniter\CodeIgniter->run()
#11 D:\programmer\ciempatmonitoring\system\Commands\Server\rewrite.php(47): require_once('D:\\programmer\\c...')
#12 {main}

Next CodeIgniter\Database\Exceptions\DatabaseException: No connection could be made because the target machine actively refused it in D:\programmer\ciempatmonitoring\system\Database\MySQLi\Connection.php:229
Stack trace:
#0 D:\programmer\ciempatmonitoring\system\Database\BaseConnection.php(391): CodeIgniter\Database\MySQLi\Connection->connect(false)
#1 D:\programmer\ciempatmonitoring\system\Database\BaseConnection.php(574): CodeIgniter\Database\BaseConnection->initialize()
#2 D:\programmer\ciempatmonitoring\system\Database\BaseBuilder.php(1615): CodeIgniter\Database\BaseConnection->query('SELECT *\nFROM `...', Array, false)
#3 D:\programmer\ciempatmonitoring\system\Model.php(237): CodeIgniter\Database\BaseBuilder->get()
#4 D:\programmer\ciempatmonitoring\system\BaseModel.php(624): CodeIgniter\Model->doFindAll(0, 0)
#5 D:\programmer\ciempatmonitoring\app\Controllers\Skripsi.php(18): CodeIgniter\BaseModel->findAll()
#6 D:\programmer\ciempatmonitoring\system\CodeIgniter.php(919): App\Controllers\Skripsi->index()
#7 D:\programmer\ciempatmonitoring\system\CodeIgniter.php(494): CodeIgniter\CodeIgniter->runController(Object(App\Controllers\Skripsi))
#8 D:\programmer\ciempatmonitoring\system\CodeIgniter.php(353): CodeIgniter\CodeIgniter->handleRequest(NULL, Object(Config\Cache), false)
#9 D:\programmer\ciempatmonitoring\public\index.php(79): CodeIgniter\CodeIgniter->run()
#10 D:\programmer\ciempatmonitoring\system\Commands\Server\rewrite.php(47): require_once('D:\\programmer\\c...')
#11 {main}
CRITICAL - 2023-10-15 22:56:20 --> Unable to connect to the database.
Main connection [MySQLi]: No connection could be made because the target machine actively refused it
in SYSTEMPATH\Database\BaseConnection.php on line 427.
 1 SYSTEMPATH\Database\BaseConnection.php(574): CodeIgniter\Database\BaseConnection->initialize()
 2 SYSTEMPATH\Database\BaseBuilder.php(1615): CodeIgniter\Database\BaseConnection->query('SELECT *
FROM `user`', [], false)
 3 SYSTEMPATH\Model.php(237): CodeIgniter\Database\BaseBuilder->get()
 4 SYSTEMPATH\BaseModel.php(624): CodeIgniter\Model->doFindAll(0, 0)
 5 APPPATH\Controllers\Skripsi.php(18): CodeIgniter\BaseModel->findAll()
 6 SYSTEMPATH\CodeIgniter.php(919): App\Controllers\Skripsi->index()
 7 SYSTEMPATH\CodeIgniter.php(494): CodeIgniter\CodeIgniter->runController(Object(App\Controllers\Skripsi))
 8 SYSTEMPATH\CodeIgniter.php(353): CodeIgniter\CodeIgniter->handleRequest(null, Object(Config\Cache), false)
 9 FCPATH\index.php(79): CodeIgniter\CodeIgniter->run()
10 SYSTEMPATH\Commands\Server\rewrite.php(47): require_once('D:\\programmer\\ciempatmonitoring\\public\\index.php')
CRITICAL - 2023-10-15 23:32:12 --> Invalid file: "skripsi/tambah_skripsi.php"
in SYSTEMPATH\Exceptions\FrameworkException.php on line 39.
 1 SYSTEMPATH\View\View.php(214): CodeIgniter\Exceptions\FrameworkException::forInvalidFile('skripsi/tambah_skripsi.php')
 2 SYSTEMPATH\Common.php(1188): CodeIgniter\View\View->render('skripsi/tambah_skripsi', [], true)
 3 APPPATH\Controllers\Skripsi.php(27): view('skripsi/tambah_skripsi')
 4 SYSTEMPATH\CodeIgniter.php(919): App\Controllers\Skripsi->tambah_skripsi()
 5 SYSTEMPATH\CodeIgniter.php(494): CodeIgniter\CodeIgniter->runController(Object(App\Controllers\Skripsi))
 6 SYSTEMPATH\CodeIgniter.php(353): CodeIgniter\CodeIgniter->handleRequest(null, Object(Config\Cache), false)
 7 FCPATH\index.php(79): CodeIgniter\CodeIgniter->run()
 8 SYSTEMPATH\Commands\Server\rewrite.php(47): require_once('D:\\programmer\\ciempatmonitoring\\public\\index.php')
CRITICAL - 2023-10-15 23:33:39 --> Invalid file: "skripsi/tambah_skripsi.php"
in SYSTEMPATH\Exceptions\FrameworkException.php on line 39.
 1 SYSTEMPATH\View\View.php(214): CodeIgniter\Exceptions\FrameworkException::forInvalidFile('skripsi/tambah_skripsi.php')
 2 SYSTEMPATH\Common.php(1188): CodeIgniter\View\View->render('skripsi/tambah_skripsi', [], true)
 3 APPPATH\Controllers\Skripsi.php(27): view('skripsi/tambah_skripsi')
 4 SYSTEMPATH\CodeIgniter.php(919): App\Controllers\Skripsi->tambah_skripsi()
 5 SYSTEMPATH\CodeIgniter.php(494): CodeIgniter\CodeIgniter->runController(Object(App\Controllers\Skripsi))
 6 SYSTEMPATH\CodeIgniter.php(353): CodeIgniter\CodeIgniter->handleRequest(null, Object(Config\Cache), false)
 7 FCPATH\index.php(79): CodeIgniter\CodeIgniter->run()
 8 SYSTEMPATH\Commands\Server\rewrite.php(47): require_once('D:\\programmer\\ciempatmonitoring\\public\\index.php')
CRITICAL - 2023-10-15 23:39:17 --> Undefined variable $judul
in APPPATH\Views\layout\template.php on line 11.
 1 APPPATH\Views\layout\template.php(11): CodeIgniter\Debug\Exceptions->errorHandler(2, 'Undefined variable $judul', 'D:\\programmer\\ciempatmonitoring\\app\\Views\\layout\\template.php', 11)
 2 SYSTEMPATH\View\View.php(226): include('D:\\programmer\\ciempatmonitoring\\app\\Views\\layout\\template.php')
 3 SYSTEMPATH\View\View.php(229): CodeIgniter\View\View->CodeIgniter\View\{closure}()
 4 SYSTEMPATH\View\View.php(242): CodeIgniter\View\View->render('layout/template', [], true)
 5 SYSTEMPATH\Common.php(1188): CodeIgniter\View\View->render('skripsi/v_tambah_skripsi', [], true)
 6 APPPATH\Controllers\Skripsi.php(27): view('skripsi/v_tambah_skripsi')
 7 SYSTEMPATH\CodeIgniter.php(919): App\Controllers\Skripsi->tambah_skripsi()
 8 SYSTEMPATH\CodeIgniter.php(494): CodeIgniter\CodeIgniter->runController(Object(App\Controllers\Skripsi))
 9 SYSTEMPATH\CodeIgniter.php(353): CodeIgniter\CodeIgniter->handleRequest(null, Object(Config\Cache), false)
10 FCPATH\index.php(79): CodeIgniter\CodeIgniter->run()
11 SYSTEMPATH\Commands\Server\rewrite.php(47): require_once('D:\\programmer\\ciempatmonitoring\\public\\index.php')
